{"/home/travis/build/npmtest/node-npmtest-kraken-js/test.js":{"path":"/home/travis/build/npmtest/node-npmtest-kraken-js/test.js","s":{"1":2,"2":2,"3":2,"4":2,"5":2,"6":2,"7":2,"8":1,"9":2,"10":2,"11":1,"12":1,"13":1,"14":1,"15":2,"16":2,"17":2,"18":2,"19":1,"20":1,"21":2,"22":2,"23":2,"24":1,"25":1,"26":1,"27":1,"28":1,"29":1,"30":1,"31":1,"32":1,"33":1,"34":1,"35":1,"36":1,"37":1,"38":1,"39":2,"40":2,"41":1,"42":2,"43":2,"44":1,"45":2,"46":2,"47":1,"48":2,"49":2,"50":1,"51":1,"52":1,"53":1,"54":1},"b":{"1":[2,1,1,1],"2":[1,1,1,1],"3":[1,1],"4":[1,1],"5":[1,1],"6":[1,1],"7":[1,1],"8":[1,1],"9":[1,1],"10":[1,1,1],"11":[1,1],"12":[1,1],"13":[1,1],"14":[1,1],"15":[1,1],"16":[1,1],"17":[1,1]},"f":{"1":2,"2":2,"3":2,"4":2,"5":2,"6":1,"7":1,"8":1,"9":2,"10":2,"11":2,"12":2,"13":1},"fnMap":{"1":{"name":"(anonymous_1)","line":12,"loc":{"start":{"line":12,"column":1},"end":{"line":12,"column":13}}},"2":{"name":"(anonymous_2)","line":19,"loc":{"start":{"line":19,"column":5},"end":{"line":19,"column":17}}},"3":{"name":"(anonymous_3)","line":23,"loc":{"start":{"line":23,"column":24},"end":{"line":23,"column":36}}},"4":{"name":"(anonymous_4)","line":61,"loc":{"start":{"line":61,"column":5},"end":{"line":61,"column":17}}},"5":{"name":"(anonymous_5)","line":82,"loc":{"start":{"line":82,"column":5},"end":{"line":82,"column":17}}},"6":{"name":"(anonymous_6)","line":91,"loc":{"start":{"line":91,"column":77},"end":{"line":94,"column":10}}},"7":{"name":"(anonymous_7)","line":112,"loc":{"start":{"line":112,"column":83},"end":{"line":115,"column":10}},"skip":true},"8":{"name":"(anonymous_8)","line":123,"loc":{"start":{"line":123,"column":77},"end":{"line":126,"column":10}},"skip":true},"9":{"name":"(anonymous_9)","line":139,"loc":{"start":{"line":139,"column":12},"end":{"line":139,"column":40}},"skip":true},"10":{"name":"(anonymous_10)","line":147,"loc":{"start":{"line":147,"column":77},"end":{"line":150,"column":10}},"skip":true},"11":{"name":"(anonymous_11)","line":158,"loc":{"start":{"line":158,"column":83},"end":{"line":161,"column":10}},"skip":true},"12":{"name":"(anonymous_12)","line":169,"loc":{"start":{"line":169,"column":79},"end":{"line":172,"column":10}},"skip":true},"13":{"name":"(anonymous_13)","line":180,"loc":{"start":{"line":180,"column":75},"end":{"line":183,"column":10}},"skip":true}},"statementMap":{"1":{"start":{"line":12,"column":0},"end":{"line":195,"column":5}},"2":{"start":{"line":14,"column":4},"end":{"line":14,"column":14}},"3":{"start":{"line":19,"column":4},"end":{"line":56,"column":9}},"4":{"start":{"line":21,"column":8},"end":{"line":21,"column":19}},"5":{"start":{"line":23,"column":8},"end":{"line":35,"column":13}},"6":{"start":{"line":24,"column":12},"end":{"line":34,"column":13}},"7":{"start":{"line":25,"column":16},"end":{"line":28,"column":30}},"8":{"start":{"line":30,"column":16},"end":{"line":33,"column":27}},"9":{"start":{"line":37,"column":8},"end":{"line":39,"column":21}},"10":{"start":{"line":40,"column":8},"end":{"line":53,"column":9}},"11":{"start":{"line":43,"column":12},"end":{"line":46,"column":14}},"12":{"start":{"line":47,"column":12},"end":{"line":47,"column":18}},"13":{"start":{"line":50,"column":12},"end":{"line":51,"column":46}},"14":{"start":{"line":52,"column":12},"end":{"line":52,"column":18}},"15":{"start":{"line":55,"column":8},"end":{"line":55,"column":35}},"16":{"start":{"line":61,"column":4},"end":{"line":63,"column":9}},"17":{"start":{"line":62,"column":8},"end":{"line":62,"column":15}},"18":{"start":{"line":64,"column":4},"end":{"line":77,"column":5}},"19":{"start":{"line":70,"column":8},"end":{"line":70,"column":14}},"20":{"start":{"line":76,"column":8},"end":{"line":76,"column":14}},"21":{"start":{"line":82,"column":4},"end":{"line":84,"column":9}},"22":{"start":{"line":83,"column":8},"end":{"line":83,"column":15}},"23":{"start":{"line":85,"column":4},"end":{"line":194,"column":5}},"24":{"start":{"line":91,"column":8},"end":{"line":99,"column":10}},"25":{"start":{"line":98,"column":12},"end":{"line":98,"column":35}},"26":{"start":{"line":102,"column":8},"end":{"line":104,"column":63}},"27":{"start":{"line":105,"column":8},"end":{"line":105,"column":14}},"28":{"start":{"line":112,"column":8},"end":{"line":121,"column":10},"skip":true},"29":{"start":{"line":119,"column":12},"end":{"line":119,"column":55},"skip":true},"30":{"start":{"line":120,"column":12},"end":{"line":120,"column":48},"skip":true},"31":{"start":{"line":123,"column":8},"end":{"line":136,"column":10},"skip":true},"32":{"start":{"line":130,"column":12},"end":{"line":130,"column":76},"skip":true},"33":{"start":{"line":131,"column":12},"end":{"line":131,"column":73},"skip":true},"34":{"start":{"line":132,"column":12},"end":{"line":132,"column":74},"skip":true},"35":{"start":{"line":133,"column":12},"end":{"line":133,"column":79},"skip":true},"36":{"start":{"line":134,"column":12},"end":{"line":134,"column":25},"skip":true},"37":{"start":{"line":135,"column":12},"end":{"line":135,"column":45},"skip":true},"38":{"start":{"line":138,"column":8},"end":{"line":145,"column":14},"skip":true},"39":{"start":{"line":143,"column":16},"end":{"line":143,"column":29},"skip":true},"40":{"start":{"line":144,"column":16},"end":{"line":144,"column":55},"skip":true},"41":{"start":{"line":147,"column":8},"end":{"line":156,"column":10},"skip":true},"42":{"start":{"line":154,"column":12},"end":{"line":154,"column":25},"skip":true},"43":{"start":{"line":155,"column":12},"end":{"line":155,"column":45},"skip":true},"44":{"start":{"line":158,"column":8},"end":{"line":167,"column":10},"skip":true},"45":{"start":{"line":165,"column":12},"end":{"line":165,"column":25},"skip":true},"46":{"start":{"line":166,"column":12},"end":{"line":166,"column":48},"skip":true},"47":{"start":{"line":169,"column":8},"end":{"line":178,"column":10},"skip":true},"48":{"start":{"line":176,"column":12},"end":{"line":176,"column":25},"skip":true},"49":{"start":{"line":177,"column":12},"end":{"line":177,"column":46},"skip":true},"50":{"start":{"line":180,"column":8},"end":{"line":189,"column":10},"skip":true},"51":{"start":{"line":187,"column":12},"end":{"line":187,"column":94},"skip":true},"52":{"start":{"line":188,"column":12},"end":{"line":188,"column":48},"skip":true},"53":{"start":{"line":192,"column":8},"end":{"line":192,"column":35},"skip":true},"54":{"start":{"line":193,"column":8},"end":{"line":193,"column":14},"skip":true}},"branchMap":{"1":{"line":25,"type":"binary-expr","locations":[{"start":{"line":25,"column":23},"end":{"line":25,"column":62}},{"start":{"line":26,"column":20},"end":{"line":26,"column":70}},{"start":{"line":27,"column":20},"end":{"line":27,"column":71}},{"start":{"line":28,"column":20},"end":{"line":28,"column":29}}]},"2":{"line":30,"type":"binary-expr","locations":[{"start":{"line":30,"column":23},"end":{"line":30,"column":37}},{"start":{"line":31,"column":20},"end":{"line":31,"column":61}},{"start":{"line":32,"column":20},"end":{"line":32,"column":70}},{"start":{"line":33,"column":20},"end":{"line":33,"column":26}}]},"3":{"line":37,"type":"cond-expr","locations":[{"start":{"line":38,"column":14},"end":{"line":38,"column":20}},{"start":{"line":39,"column":14},"end":{"line":39,"column":20}}]},"4":{"line":40,"type":"switch","locations":[{"start":{"line":42,"column":8},"end":{"line":47,"column":18}},{"start":{"line":49,"column":8},"end":{"line":52,"column":18}}]},"5":{"line":44,"type":"binary-expr","locations":[{"start":{"line":44,"column":16},"end":{"line":44,"column":44}},{"start":{"line":44,"column":48},"end":{"line":44,"column":66}}]},"6":{"line":50,"type":"binary-expr","locations":[{"start":{"line":50,"column":21},"end":{"line":50,"column":49}},{"start":{"line":50,"column":53},"end":{"line":50,"column":72}}]},"7":{"line":64,"type":"switch","locations":[{"start":{"line":69,"column":4},"end":{"line":70,"column":14}},{"start":{"line":75,"column":4},"end":{"line":76,"column":14}}]},"8":{"line":85,"type":"switch","locations":[{"start":{"line":90,"column":4},"end":{"line":105,"column":14}},{"start":{"line":111,"column":4},"end":{"line":193,"column":14},"skip":true}]},"9":{"line":91,"type":"binary-expr","locations":[{"start":{"line":91,"column":42},"end":{"line":91,"column":73}},{"start":{"line":91,"column":77},"end":{"line":99,"column":9}}]},"10":{"line":102,"type":"binary-expr","locations":[{"start":{"line":102,"column":18},"end":{"line":102,"column":32}},{"start":{"line":103,"column":12},"end":{"line":103,"column":53}},{"start":{"line":104,"column":12},"end":{"line":104,"column":61}}]},"11":{"line":112,"type":"binary-expr","locations":[{"start":{"line":112,"column":45},"end":{"line":112,"column":79},"skip":true},{"start":{"line":112,"column":83},"end":{"line":121,"column":9},"skip":true}]},"12":{"line":123,"type":"binary-expr","locations":[{"start":{"line":123,"column":42},"end":{"line":123,"column":73},"skip":true},{"start":{"line":123,"column":77},"end":{"line":136,"column":9},"skip":true}]},"13":{"line":138,"type":"binary-expr","locations":[{"start":{"line":138,"column":48},"end":{"line":138,"column":85},"skip":true},{"start":{"line":139,"column":12},"end":{"line":145,"column":13},"skip":true}]},"14":{"line":147,"type":"binary-expr","locations":[{"start":{"line":147,"column":42},"end":{"line":147,"column":73},"skip":true},{"start":{"line":147,"column":77},"end":{"line":156,"column":9},"skip":true}]},"15":{"line":158,"type":"binary-expr","locations":[{"start":{"line":158,"column":45},"end":{"line":158,"column":79},"skip":true},{"start":{"line":158,"column":83},"end":{"line":167,"column":9},"skip":true}]},"16":{"line":169,"type":"binary-expr","locations":[{"start":{"line":169,"column":43},"end":{"line":169,"column":75},"skip":true},{"start":{"line":169,"column":79},"end":{"line":178,"column":9},"skip":true}]},"17":{"line":180,"type":"binary-expr","locations":[{"start":{"line":180,"column":41},"end":{"line":180,"column":71},"skip":true},{"start":{"line":180,"column":75},"end":{"line":189,"column":9},"skip":true}]}},"code":["/* istanbul instrument in package npmtest_kraken_js */","/*jslint","    bitwise: true,","    browser: true,","    maxerr: 8,","    maxlen: 96,","    node: true,","    nomen: true,","    regexp: true,","    stupid: true","*/","(function () {","    'use strict';","    var local;","","","","    // run shared js-env code - pre-init","    (function () {","        // init local","        local = {};","        // init modeJs","        local.modeJs = (function () {","            try {","                return typeof navigator.userAgent === 'string' &&","                    typeof document.querySelector('body') === 'object' &&","                    typeof XMLHttpRequest.prototype.open === 'function' &&","                    'browser';","            } catch (errorCaughtBrowser) {","                return module.exports &&","                    typeof process.versions.node === 'string' &&","                    typeof require('http').createServer === 'function' &&","                    'node';","            }","        }());","        // init global","        local.global = local.modeJs === 'browser'","            ? window","            : global;","        switch (local.modeJs) {","        // re-init local from window.local","        case 'browser':","            local = local.global.utility2.objectSetDefault(","                local.global.utility2_rollup || local.global.local,","                local.global.utility2","            );","            break;","        // re-init local from example.js","        case 'node':","            local = (local.global.utility2_rollup || require('utility2'))","                .requireExampleJsFromReadme();","            break;","        }","        // export local","        local.global.local = local;","    }());","","","","    // run shared js-env code - function","    (function () {","        return;","    }());","    switch (local.modeJs) {","","","","    // run browser js-env code - function","    case 'browser':","        break;","","","","    // run node js-env code - function","    case 'node':","        break;","    }","","","","    // run shared js-env code - post-init","    (function () {","        return;","    }());","    switch (local.modeJs) {","","","","    // run browser js-env code - post-init","    case 'browser':","        local.testCase_browser_nullCase = local.testCase_browser_nullCase || function (","            options,","            onError","        ) {","        /*","         * this function will test browsers's null-case handling-behavior-behavior","         */","            onError(null, options);","        };","","        // run tests","        local.nop(local.modeTest &&","            document.querySelector('#testRunButton1') &&","            document.querySelector('#testRunButton1').click());","        break;","","","","    // run node js-env code - post-init","    /* istanbul ignore next */","    case 'node':","        local.testCase_buildApidoc_default = local.testCase_buildApidoc_default || function (","            options,","            onError","        ) {","        /*","         * this function will test buildApidoc's default handling-behavior-behavior","         */","            options = { modulePathList: module.paths };","            local.buildApidoc(options, onError);","        };","","        local.testCase_buildApp_default = local.testCase_buildApp_default || function (","            options,","            onError","        ) {","        /*","         * this function will test buildApp's default handling-behavior-behavior","         */","            local.testCase_buildReadme_default(options, local.onErrorThrow);","            local.testCase_buildLib_default(options, local.onErrorThrow);","            local.testCase_buildTest_default(options, local.onErrorThrow);","            local.testCase_buildCustomOrg_default(options, local.onErrorThrow);","            options = [];","            local.buildApp(options, onError);","        };","","        local.testCase_buildCustomOrg_default = local.testCase_buildCustomOrg_default ||","            function (options, onError) {","            /*","             * this function will test buildCustomOrg's default handling-behavior","             */","                options = {};","                local.buildCustomOrg(options, onError);","            };","","        local.testCase_buildLib_default = local.testCase_buildLib_default || function (","            options,","            onError","        ) {","        /*","         * this function will test buildLib's default handling-behavior","         */","            options = {};","            local.buildLib(options, onError);","        };","","        local.testCase_buildReadme_default = local.testCase_buildReadme_default || function (","            options,","            onError","        ) {","        /*","         * this function will test buildReadme's default handling-behavior-behavior","         */","            options = {};","            local.buildReadme(options, onError);","        };","","        local.testCase_buildTest_default = local.testCase_buildTest_default || function (","            options,","            onError","        ) {","        /*","         * this function will test buildTest's default handling-behavior","         */","            options = {};","            local.buildTest(options, onError);","        };","","        local.testCase_webpage_default = local.testCase_webpage_default || function (","            options,","            onError","        ) {","        /*","         * this function will test webpage's default handling-behavior","         */","            options = { modeCoverageMerge: true, url: local.serverLocalHost + '?modeTest=1' };","            local.browserTest(options, onError);","        };","","        // run test-server","        local.testRunServer(local);","        break;","    }","}());",""],"l":{"12":2,"14":2,"19":2,"21":2,"23":2,"24":2,"25":2,"30":1,"37":2,"40":2,"43":1,"47":1,"50":1,"52":1,"55":2,"61":2,"62":2,"64":2,"70":1,"76":1,"82":2,"83":2,"85":2,"91":1,"98":1,"102":1,"105":1,"112":1,"119":1,"120":1,"123":1,"130":1,"131":1,"132":1,"133":1,"134":1,"135":1,"138":1,"143":2,"144":2,"147":1,"154":2,"155":2,"158":1,"165":2,"166":2,"169":1,"176":2,"177":2,"180":1,"187":1,"188":1,"192":1,"193":1}},"/home/travis/build/npmtest/node-npmtest-kraken-js/lib.npmtest_kraken_js.js":{"path":"/home/travis/build/npmtest/node-npmtest-kraken-js/lib.npmtest_kraken_js.js","s":{"1":2,"2":2,"3":2,"4":2,"5":2,"6":2,"7":2,"8":1,"9":2,"10":2,"11":2,"12":2,"13":1,"14":1,"15":1,"16":1},"b":{"1":[2,1,1,1],"2":[1,1,1,1],"3":[1,1],"4":[2,2],"5":[1,1]},"f":{"1":2,"2":2,"3":2},"fnMap":{"1":{"name":"(anonymous_1)","line":12,"loc":{"start":{"line":12,"column":1},"end":{"line":12,"column":13}}},"2":{"name":"(anonymous_2)","line":19,"loc":{"start":{"line":19,"column":5},"end":{"line":19,"column":17}}},"3":{"name":"(anonymous_3)","line":23,"loc":{"start":{"line":23,"column":24},"end":{"line":23,"column":36}}}},"statementMap":{"1":{"start":{"line":12,"column":0},"end":{"line":53,"column":5}},"2":{"start":{"line":14,"column":4},"end":{"line":14,"column":14}},"3":{"start":{"line":19,"column":4},"end":{"line":52,"column":9}},"4":{"start":{"line":21,"column":8},"end":{"line":21,"column":19}},"5":{"start":{"line":23,"column":8},"end":{"line":35,"column":13}},"6":{"start":{"line":24,"column":12},"end":{"line":34,"column":13}},"7":{"start":{"line":25,"column":16},"end":{"line":28,"column":30}},"8":{"start":{"line":30,"column":16},"end":{"line":33,"column":27}},"9":{"start":{"line":37,"column":8},"end":{"line":39,"column":21}},"10":{"start":{"line":41,"column":8},"end":{"line":41,"column":54}},"11":{"start":{"line":43,"column":8},"end":{"line":43,"column":54}},"12":{"start":{"line":45,"column":8},"end":{"line":51,"column":9}},"13":{"start":{"line":46,"column":12},"end":{"line":46,"column":60}},"14":{"start":{"line":48,"column":12},"end":{"line":48,"column":35}},"15":{"start":{"line":49,"column":12},"end":{"line":49,"column":49}},"16":{"start":{"line":50,"column":12},"end":{"line":50,"column":43}}},"branchMap":{"1":{"line":25,"type":"binary-expr","locations":[{"start":{"line":25,"column":23},"end":{"line":25,"column":62}},{"start":{"line":26,"column":20},"end":{"line":26,"column":70}},{"start":{"line":27,"column":20},"end":{"line":27,"column":71}},{"start":{"line":28,"column":20},"end":{"line":28,"column":29}}]},"2":{"line":30,"type":"binary-expr","locations":[{"start":{"line":30,"column":23},"end":{"line":30,"column":37}},{"start":{"line":31,"column":20},"end":{"line":31,"column":61}},{"start":{"line":32,"column":20},"end":{"line":32,"column":70}},{"start":{"line":33,"column":20},"end":{"line":33,"column":26}}]},"3":{"line":37,"type":"cond-expr","locations":[{"start":{"line":38,"column":14},"end":{"line":38,"column":20}},{"start":{"line":39,"column":14},"end":{"line":39,"column":20}}]},"4":{"line":41,"type":"binary-expr","locations":[{"start":{"line":41,"column":16},"end":{"line":41,"column":44}},{"start":{"line":41,"column":48},"end":{"line":41,"column":53}}]},"5":{"line":45,"type":"if","locations":[{"start":{"line":45,"column":8},"end":{"line":45,"column":8}},{"start":{"line":45,"column":8},"end":{"line":45,"column":8}}]}},"code":["/* istanbul instrument in package npmtest_kraken_js */","/*jslint","    bitwise: true,","    browser: true,","    maxerr: 8,","    maxlen: 96,","    node: true,","    nomen: true,","    regexp: true,","    stupid: true","*/","(function () {","    'use strict';","    var local;","","","","    // run shared js-env code - pre-init","    (function () {","        // init local","        local = {};","        // init modeJs","        local.modeJs = (function () {","            try {","                return typeof navigator.userAgent === 'string' &&","                    typeof document.querySelector('body') === 'object' &&","                    typeof XMLHttpRequest.prototype.open === 'function' &&","                    'browser';","            } catch (errorCaughtBrowser) {","                return module.exports &&","                    typeof process.versions.node === 'string' &&","                    typeof require('http').createServer === 'function' &&","                    'node';","            }","        }());","        // init global","        local.global = local.modeJs === 'browser'","            ? window","            : global;","        // init utility2_rollup","        local = local.global.utility2_rollup || local;","        // init lib","        local.local = local.npmtest_kraken_js = local;","        // init exports","        if (local.modeJs === 'browser') {","            local.global.utility2_npmtest_kraken_js = local;","        } else {","            module.exports = local;","            module.exports.__dirname = __dirname;","            module.exports.module = module;","        }","    }());","}());",""],"l":{"12":2,"14":2,"19":2,"21":2,"23":2,"24":2,"25":2,"30":1,"37":2,"41":2,"43":2,"45":2,"46":1,"48":1,"49":1,"50":1}},"/home/travis/build/npmtest/node-npmtest-kraken-js/example.js":{"path":"/home/travis/build/npmtest/node-npmtest-kraken-js/example.js","s":{"1":2,"2":2,"3":2,"4":2,"5":2,"6":2,"7":2,"8":1,"9":2,"10":2,"11":2,"12":2,"13":1,"14":2,"15":2,"16":2,"17":2,"18":2,"19":0,"20":2,"21":1,"22":1,"23":1,"24":1,"25":1,"26":0,"27":0,"28":1,"29":1,"30":2,"31":0,"32":0,"33":0,"34":1,"35":2,"36":2,"37":3,"38":3,"39":3,"40":3,"41":0,"42":3,"43":3,"44":3,"45":1,"46":3,"47":1,"48":1,"49":1,"50":1,"51":1,"52":1,"53":1,"54":1,"55":1,"56":1,"57":0,"58":1,"59":6,"60":6,"61":1,"62":2,"63":0,"64":2,"65":1,"66":1,"67":0,"68":0,"69":0,"70":0,"71":0,"72":0,"73":0,"74":0,"75":0,"76":0,"77":0,"78":0,"79":0,"80":0,"81":0,"82":0,"83":0},"b":{"1":[2,1,1,1],"2":[1,1,1,1],"3":[1,1],"4":[2,2],"5":[1,1],"6":[1,1],"7":[2,0],"8":[2,1,1,1,1,1],"9":[0,2,0],"10":[1,1],"11":[2,1,1],"12":[1,0],"13":[0,2],"14":[2,0,0,0,0,0,0],"15":[0,3],"16":[3,0],"17":[1,1],"18":[0,1],"19":[1,2,0,2],"20":[1,0],"21":[1,1],"22":[0,0],"23":[0,0],"24":[0,0],"25":[0,0],"26":[0,0],"27":[0,0],"28":[0,0]},"f":{"1":2,"2":2,"3":2,"4":2,"5":2,"6":2,"7":3,"8":3,"9":3,"10":1,"11":6,"12":0},"fnMap":{"1":{"name":"(anonymous_1)","line":26,"loc":{"start":{"line":26,"column":1},"end":{"line":26,"column":13}}},"2":{"name":"(anonymous_2)","line":33,"loc":{"start":{"line":33,"column":5},"end":{"line":33,"column":17}}},"3":{"name":"(anonymous_3)","line":37,"loc":{"start":{"line":37,"column":24},"end":{"line":37,"column":36}}},"4":{"name":"(anonymous_4)","line":69,"loc":{"start":{"line":69,"column":31},"end":{"line":69,"column":48}},"skip":true},"5":{"name":"(anonymous_5)","line":78,"loc":{"start":{"line":78,"column":26},"end":{"line":78,"column":45}},"skip":true},"6":{"name":"(anonymous_6)","line":123,"loc":{"start":{"line":123,"column":33},"end":{"line":123,"column":48}},"skip":true},"7":{"name":"(anonymous_7)","line":125,"loc":{"start":{"line":125,"column":27},"end":{"line":125,"column":39}},"skip":true},"8":{"name":"(anonymous_8)","line":133,"loc":{"start":{"line":133,"column":59},"end":{"line":133,"column":74}},"skip":true},"9":{"name":"(anonymous_9)","line":143,"loc":{"start":{"line":143,"column":45},"end":{"line":143,"column":62}},"skip":true},"10":{"name":"(anonymous_10)","line":144,"loc":{"start":{"line":144,"column":73},"end":{"line":144,"column":92}},"skip":true},"11":{"name":"(anonymous_11)","line":272,"loc":{"start":{"line":272,"column":51},"end":{"line":272,"column":77}},"skip":true},"12":{"name":"(anonymous_12)","line":315,"loc":{"start":{"line":315,"column":32},"end":{"line":315,"column":61}},"skip":true}},"statementMap":{"1":{"start":{"line":26,"column":0},"end":{"line":326,"column":5}},"2":{"start":{"line":28,"column":4},"end":{"line":28,"column":14}},"3":{"start":{"line":33,"column":4},"end":{"line":60,"column":9}},"4":{"start":{"line":35,"column":8},"end":{"line":35,"column":19}},"5":{"start":{"line":37,"column":8},"end":{"line":49,"column":13}},"6":{"start":{"line":38,"column":12},"end":{"line":48,"column":13}},"7":{"start":{"line":39,"column":16},"end":{"line":42,"column":30}},"8":{"start":{"line":44,"column":16},"end":{"line":47,"column":27}},"9":{"start":{"line":51,"column":8},"end":{"line":53,"column":21}},"10":{"start":{"line":55,"column":8},"end":{"line":57,"column":45}},"11":{"start":{"line":59,"column":8},"end":{"line":59,"column":35}},"12":{"start":{"line":61,"column":4},"end":{"line":325,"column":5}},"13":{"start":{"line":69,"column":8},"end":{"line":121,"column":10},"skip":true},"14":{"start":{"line":70,"column":12},"end":{"line":88,"column":13},"skip":true},"15":{"start":{"line":76,"column":16},"end":{"line":87,"column":19},"skip":true},"16":{"start":{"line":79,"column":20},"end":{"line":86,"column":21},"skip":true},"17":{"start":{"line":82,"column":24},"end":{"line":82,"column":43},"skip":true},"18":{"start":{"line":83,"column":24},"end":{"line":83,"column":30},"skip":true},"19":{"start":{"line":85,"column":24},"end":{"line":85,"column":49},"skip":true},"20":{"start":{"line":89,"column":12},"end":{"line":107,"column":13},"skip":true},"21":{"start":{"line":92,"column":16},"end":{"line":102,"column":17},"skip":true},"22":{"start":{"line":93,"column":20},"end":{"line":93,"column":86},"skip":true},"23":{"start":{"line":94,"column":20},"end":{"line":95,"column":45},"skip":true},"24":{"start":{"line":96,"column":20},"end":{"line":96,"column":42},"skip":true},"25":{"start":{"line":97,"column":20},"end":{"line":97,"column":48},"skip":true},"26":{"start":{"line":100,"column":20},"end":{"line":100,"column":85},"skip":true},"27":{"start":{"line":101,"column":20},"end":{"line":101,"column":96},"skip":true},"28":{"start":{"line":103,"column":16},"end":{"line":103,"column":22},"skip":true},"29":{"start":{"line":106,"column":16},"end":{"line":106,"column":22},"skip":true},"30":{"start":{"line":108,"column":12},"end":{"line":120,"column":13},"skip":true},"31":{"start":{"line":114,"column":16},"end":{"line":119,"column":17},"skip":true},"32":{"start":{"line":116,"column":20},"end":{"line":116,"column":78},"skip":true},"33":{"start":{"line":118,"column":20},"end":{"line":118,"column":47},"skip":true},"34":{"start":{"line":123,"column":8},"end":{"line":141,"column":11},"skip":true},"35":{"start":{"line":124,"column":12},"end":{"line":124,"column":54},"skip":true},"36":{"start":{"line":125,"column":12},"end":{"line":140,"column":14},"skip":true},"37":{"start":{"line":126,"column":16},"end":{"line":126,"column":28},"skip":true},"38":{"start":{"line":127,"column":16},"end":{"line":127,"column":69},"skip":true},"39":{"start":{"line":128,"column":16},"end":{"line":128,"column":75},"skip":true},"40":{"start":{"line":129,"column":16},"end":{"line":131,"column":17},"skip":true},"41":{"start":{"line":130,"column":20},"end":{"line":130,"column":27},"skip":true},"42":{"start":{"line":133,"column":16},"end":{"line":137,"column":36},"skip":true},"43":{"start":{"line":134,"column":20},"end":{"line":136,"column":55},"skip":true},"44":{"start":{"line":139,"column":16},"end":{"line":139,"column":57},"skip":true},"45":{"start":{"line":143,"column":8},"end":{"line":147,"column":11},"skip":true},"46":{"start":{"line":144,"column":12},"end":{"line":146,"column":15},"skip":true},"47":{"start":{"line":145,"column":16},"end":{"line":145,"column":70},"skip":true},"48":{"start":{"line":149,"column":8},"end":{"line":149,"column":31},"skip":true},"49":{"start":{"line":150,"column":8},"end":{"line":150,"column":14},"skip":true},"50":{"start":{"line":158,"column":8},"end":{"line":158,"column":31},"skip":true},"51":{"start":{"line":160,"column":8},"end":{"line":160,"column":33},"skip":true},"52":{"start":{"line":161,"column":8},"end":{"line":161,"column":37},"skip":true},"53":{"start":{"line":162,"column":8},"end":{"line":162,"column":35},"skip":true},"54":{"start":{"line":164,"column":8},"end":{"line":164,"column":50},"skip":true},"55":{"start":{"line":166,"column":8},"end":{"line":256,"column":2},"skip":true},"56":{"start":{"line":258,"column":8},"end":{"line":286,"column":9},"skip":true},"57":{"start":{"line":259,"column":12},"end":{"line":269,"column":14},"skip":true},"58":{"start":{"line":271,"column":12},"end":{"line":285,"column":19},"skip":true},"59":{"start":{"line":274,"column":20},"end":{"line":274,"column":35},"skip":true},"60":{"start":{"line":275,"column":20},"end":{"line":284,"column":21},"skip":true},"61":{"start":{"line":277,"column":24},"end":{"line":277,"column":64},"skip":true},"62":{"start":{"line":279,"column":24},"end":{"line":279,"column":40},"skip":true},"63":{"start":{"line":281,"column":24},"end":{"line":281,"column":40},"skip":true},"64":{"start":{"line":283,"column":24},"end":{"line":283,"column":39},"skip":true},"65":{"start":{"line":288,"column":8},"end":{"line":290,"column":9},"skip":true},"66":{"start":{"line":289,"column":12},"end":{"line":289,"column":18},"skip":true},"67":{"start":{"line":291,"column":8},"end":{"line":293,"column":54},"skip":true},"68":{"start":{"line":296,"column":8},"end":{"line":301,"column":37},"skip":true},"69":{"start":{"line":303,"column":8},"end":{"line":303,"column":82},"skip":true},"70":{"start":{"line":306,"column":8},"end":{"line":308,"column":9},"skip":true},"71":{"start":{"line":307,"column":12},"end":{"line":307,"column":82},"skip":true},"72":{"start":{"line":310,"column":8},"end":{"line":312,"column":9},"skip":true},"73":{"start":{"line":311,"column":12},"end":{"line":311,"column":18},"skip":true},"74":{"start":{"line":313,"column":8},"end":{"line":313,"column":54},"skip":true},"75":{"start":{"line":314,"column":8},"end":{"line":314,"column":69},"skip":true},"76":{"start":{"line":315,"column":8},"end":{"line":323,"column":36},"skip":true},"77":{"start":{"line":316,"column":12},"end":{"line":316,"column":61},"skip":true},"78":{"start":{"line":317,"column":12},"end":{"line":320,"column":13},"skip":true},"79":{"start":{"line":318,"column":16},"end":{"line":318,"column":75},"skip":true},"80":{"start":{"line":319,"column":16},"end":{"line":319,"column":23},"skip":true},"81":{"start":{"line":321,"column":12},"end":{"line":321,"column":38},"skip":true},"82":{"start":{"line":322,"column":12},"end":{"line":322,"column":27},"skip":true},"83":{"start":{"line":324,"column":8},"end":{"line":324,"column":14},"skip":true}},"branchMap":{"1":{"line":39,"type":"binary-expr","locations":[{"start":{"line":39,"column":23},"end":{"line":39,"column":62}},{"start":{"line":40,"column":20},"end":{"line":40,"column":70}},{"start":{"line":41,"column":20},"end":{"line":41,"column":71}},{"start":{"line":42,"column":20},"end":{"line":42,"column":29}}]},"2":{"line":44,"type":"binary-expr","locations":[{"start":{"line":44,"column":23},"end":{"line":44,"column":37}},{"start":{"line":45,"column":20},"end":{"line":45,"column":61}},{"start":{"line":46,"column":20},"end":{"line":46,"column":70}},{"start":{"line":47,"column":20},"end":{"line":47,"column":26}}]},"3":{"line":51,"type":"cond-expr","locations":[{"start":{"line":52,"column":14},"end":{"line":52,"column":20}},{"start":{"line":53,"column":14},"end":{"line":53,"column":20}}]},"4":{"line":55,"type":"binary-expr","locations":[{"start":{"line":55,"column":16},"end":{"line":55,"column":44}},{"start":{"line":55,"column":49},"end":{"line":57,"column":43}}]},"5":{"line":55,"type":"cond-expr","locations":[{"start":{"line":56,"column":14},"end":{"line":56,"column":53}},{"start":{"line":57,"column":14},"end":{"line":57,"column":43}}]},"6":{"line":61,"type":"switch","locations":[{"start":{"line":68,"column":4},"end":{"line":150,"column":14},"skip":true},{"start":{"line":156,"column":4},"end":{"line":324,"column":14},"skip":true}]},"7":{"line":70,"type":"if","locations":[{"start":{"line":70,"column":12},"end":{"line":70,"column":12},"skip":true},{"start":{"line":70,"column":12},"end":{"line":70,"column":12},"skip":true}]},"8":{"line":70,"type":"binary-expr","locations":[{"start":{"line":70,"column":16},"end":{"line":70,"column":22},"skip":true},{"start":{"line":70,"column":27},"end":{"line":70,"column":32},"skip":true},{"start":{"line":71,"column":20},"end":{"line":71,"column":39},"skip":true},{"start":{"line":72,"column":20},"end":{"line":72,"column":49},"skip":true},{"start":{"line":73,"column":20},"end":{"line":73,"column":58},"skip":true},{"start":{"line":74,"column":20},"end":{"line":74,"column":69},"skip":true}]},"9":{"line":79,"type":"switch","locations":[{"start":{"line":80,"column":20},"end":{"line":80,"column":33},"skip":true},{"start":{"line":81,"column":20},"end":{"line":83,"column":30},"skip":true},{"start":{"line":84,"column":20},"end":{"line":85,"column":49},"skip":true}]},"10":{"line":89,"type":"switch","locations":[{"start":{"line":90,"column":12},"end":{"line":103,"column":22},"skip":true},{"start":{"line":105,"column":12},"end":{"line":106,"column":22},"skip":true}]},"11":{"line":89,"type":"binary-expr","locations":[{"start":{"line":89,"column":20},"end":{"line":89,"column":25},"skip":true},{"start":{"line":89,"column":29},"end":{"line":89,"column":48},"skip":true},{"start":{"line":89,"column":52},"end":{"line":89,"column":74},"skip":true}]},"12":{"line":92,"type":"if","locations":[{"start":{"line":92,"column":16},"end":{"line":92,"column":16},"skip":true},{"start":{"line":92,"column":16},"end":{"line":92,"column":16},"skip":true}]},"13":{"line":108,"type":"if","locations":[{"start":{"line":108,"column":12},"end":{"line":108,"column":12},"skip":true},{"start":{"line":108,"column":12},"end":{"line":108,"column":12},"skip":true}]},"14":{"line":108,"type":"binary-expr","locations":[{"start":{"line":108,"column":16},"end":{"line":108,"column":61},"skip":true},{"start":{"line":108,"column":66},"end":{"line":108,"column":72},"skip":true},{"start":{"line":108,"column":77},"end":{"line":108,"column":82},"skip":true},{"start":{"line":109,"column":20},"end":{"line":109,"column":39},"skip":true},{"start":{"line":110,"column":20},"end":{"line":110,"column":49},"skip":true},{"start":{"line":111,"column":20},"end":{"line":111,"column":58},"skip":true},{"start":{"line":112,"column":20},"end":{"line":112,"column":68},"skip":true}]},"15":{"line":129,"type":"if","locations":[{"start":{"line":129,"column":16},"end":{"line":129,"column":16},"skip":true},{"start":{"line":129,"column":16},"end":{"line":129,"column":16},"skip":true}]},"16":{"line":134,"type":"cond-expr","locations":[{"start":{"line":135,"column":26},"end":{"line":135,"column":29},"skip":true},{"start":{"line":136,"column":26},"end":{"line":136,"column":54},"skip":true}]},"17":{"line":164,"type":"binary-expr","locations":[{"start":{"line":164,"column":27},"end":{"line":164,"column":43},"skip":true},{"start":{"line":164,"column":47},"end":{"line":164,"column":49},"skip":true}]},"18":{"line":258,"type":"if","locations":[{"start":{"line":258,"column":8},"end":{"line":258,"column":8},"skip":true},{"start":{"line":258,"column":8},"end":{"line":258,"column":8},"skip":true}]},"19":{"line":275,"type":"switch","locations":[{"start":{"line":276,"column":20},"end":{"line":277,"column":64},"skip":true},{"start":{"line":278,"column":20},"end":{"line":279,"column":40},"skip":true},{"start":{"line":280,"column":20},"end":{"line":281,"column":40},"skip":true},{"start":{"line":282,"column":20},"end":{"line":283,"column":39},"skip":true}]},"20":{"line":288,"type":"if","locations":[{"start":{"line":288,"column":8},"end":{"line":288,"column":8},"skip":true},{"start":{"line":288,"column":8},"end":{"line":288,"column":8},"skip":true}]},"21":{"line":288,"type":"binary-expr","locations":[{"start":{"line":288,"column":12},"end":{"line":288,"column":40},"skip":true},{"start":{"line":288,"column":44},"end":{"line":288,"column":67},"skip":true}]},"22":{"line":292,"type":"binary-expr","locations":[{"start":{"line":292,"column":12},"end":{"line":292,"column":50},"skip":true},{"start":{"line":293,"column":12},"end":{"line":293,"column":53},"skip":true}]},"23":{"line":297,"type":"binary-expr","locations":[{"start":{"line":297,"column":12},"end":{"line":297,"column":67},"skip":true},{"start":{"line":298,"column":12},"end":{"line":301,"column":36},"skip":true}]},"24":{"line":303,"type":"binary-expr","locations":[{"start":{"line":303,"column":43},"end":{"line":303,"column":75},"skip":true},{"start":{"line":303,"column":79},"end":{"line":303,"column":81},"skip":true}]},"25":{"line":306,"type":"if","locations":[{"start":{"line":306,"column":8},"end":{"line":306,"column":8},"skip":true},{"start":{"line":306,"column":8},"end":{"line":306,"column":8},"skip":true}]},"26":{"line":310,"type":"if","locations":[{"start":{"line":310,"column":8},"end":{"line":310,"column":8},"skip":true},{"start":{"line":310,"column":8},"end":{"line":310,"column":8},"skip":true}]},"27":{"line":313,"type":"binary-expr","locations":[{"start":{"line":313,"column":27},"end":{"line":313,"column":43},"skip":true},{"start":{"line":313,"column":47},"end":{"line":313,"column":53},"skip":true}]},"28":{"line":317,"type":"if","locations":[{"start":{"line":317,"column":12},"end":{"line":317,"column":12},"skip":true},{"start":{"line":317,"column":12},"end":{"line":317,"column":12},"skip":true}]}},"code":["/*","example.js","","quickstart example","","instruction","    1. save this script as example.js","    2. run the shell command:","        $ npm install npmtest-kraken-js && PORT=8081 node example.js","    3. play with the browser-demo on http://127.0.0.1:8081","*/","","","","/* istanbul instrument in package npmtest_kraken_js */","/*jslint","    bitwise: true,","    browser: true,","    maxerr: 8,","    maxlen: 96,","    node: true,","    nomen: true,","    regexp: true,","    stupid: true","*/","(function () {","    'use strict';","    var local;","","","","    // run shared js-env code - pre-init","    (function () {","        // init local","        local = {};","        // init modeJs","        local.modeJs = (function () {","            try {","                return typeof navigator.userAgent === 'string' &&","                    typeof document.querySelector('body') === 'object' &&","                    typeof XMLHttpRequest.prototype.open === 'function' &&","                    'browser';","            } catch (errorCaughtBrowser) {","                return module.exports &&","                    typeof process.versions.node === 'string' &&","                    typeof require('http').createServer === 'function' &&","                    'node';","            }","        }());","        // init global","        local.global = local.modeJs === 'browser'","            ? window","            : global;","        // init utility2_rollup","        local = local.global.utility2_rollup || (local.modeJs === 'browser'","            ? local.global.utility2_npmtest_kraken_js","            : global.utility2_moduleExports);","        // export local","        local.global.local = local;","    }());","    switch (local.modeJs) {","","","","    // post-init","    // run browser js-env code - post-init","    /* istanbul ignore next */","    case 'browser':","        local.testRunBrowser = function (event) {","            if (!event || (event &&","                    event.currentTarget &&","                    event.currentTarget.className &&","                    event.currentTarget.className.includes &&","                    event.currentTarget.className.includes('onreset'))) {","                // reset output","                Array.from(","                    document.querySelectorAll('body > .resettable')","                ).forEach(function (element) {","                    switch (element.tagName) {","                    case 'INPUT':","                    case 'TEXTAREA':","                        element.value = '';","                        break;","                    default:","                        element.textContent = '';","                    }","                });","            }","            switch (event && event.currentTarget && event.currentTarget.id) {","            case 'testRunButton1':","                // show tests","                if (document.querySelector('#testReportDiv1').style.display === 'none') {","                    document.querySelector('#testReportDiv1').style.display = 'block';","                    document.querySelector('#testRunButton1').textContent =","                        'hide internal test';","                    local.modeTest = true;","                    local.testRunDefault(local);","                // hide tests","                } else {","                    document.querySelector('#testReportDiv1').style.display = 'none';","                    document.querySelector('#testRunButton1').textContent = 'run internal test';","                }","                break;","            // custom-case","            default:","                break;","            }","            if (document.querySelector('#inputTextareaEval1') && (!event || (event &&","                    event.currentTarget &&","                    event.currentTarget.className &&","                    event.currentTarget.className.includes &&","                    event.currentTarget.className.includes('oneval')))) {","                // try to eval input-code","                try {","                    /*jslint evil: true*/","                    eval(document.querySelector('#inputTextareaEval1').value);","                } catch (errorCaught) {","                    console.error(errorCaught);","                }","            }","        };","        // log stderr and stdout to #outputTextareaStdout1","        ['error', 'log'].forEach(function (key) {","            console[key + '_original'] = console[key];","            console[key] = function () {","                var element;","                console[key + '_original'].apply(console, arguments);","                element = document.querySelector('#outputTextareaStdout1');","                if (!element) {","                    return;","                }","                // append text to #outputTextareaStdout1","                element.value += Array.from(arguments).map(function (arg) {","                    return typeof arg === 'string'","                        ? arg","                        : JSON.stringify(arg, null, 4);","                }).join(' ') + '\\n';","                // scroll textarea to bottom","                element.scrollTop = element.scrollHeight;","            };","        });","        // init event-handling","        ['change', 'click', 'keyup'].forEach(function (event) {","            Array.from(document.querySelectorAll('.on' + event)).forEach(function (element) {","                element.addEventListener(event, local.testRunBrowser);","            });","        });","        // run tests","        local.testRunBrowser();","        break;","","","","    // run node js-env code - post-init","    /* istanbul ignore next */","    case 'node':","        // export local","        module.exports = local;","        // require modules","        local.fs = require('fs');","        local.http = require('http');","        local.url = require('url');","        // init assets","        local.assetsDict = local.assetsDict || {};","        /* jslint-ignore-begin */","        local.assetsDict['/assets.index.template.html'] = '\\","<!doctype html>\\n\\","<html lang=\"en\">\\n\\","<head>\\n\\","<meta charset=\"UTF-8\">\\n\\","<meta name=\"viewport\" content=\"width=device-width, initial-scale=1\">\\n\\","<title>{{env.npm_package_name}} (v{{env.npm_package_version}})</title>\\n\\","<style>\\n\\","/*csslint\\n\\","    box-sizing: false,\\n\\","    universal-selector: false\\n\\","*/\\n\\","* {\\n\\","    box-sizing: border-box;\\n\\","}\\n\\","body {\\n\\","    background: #dde;\\n\\","    font-family: Arial, Helvetica, sans-serif;\\n\\","    margin: 2rem;\\n\\","}\\n\\","body > * {\\n\\","    margin-bottom: 1rem;\\n\\","}\\n\\",".utility2FooterDiv {\\n\\","    margin-top: 20px;\\n\\","    text-align: center;\\n\\","}\\n\\","</style>\\n\\","<style>\\n\\","/*csslint\\n\\","*/\\n\\","textarea {\\n\\","    font-family: monospace;\\n\\","    height: 10rem;\\n\\","    width: 100%;\\n\\","}\\n\\","textarea[readonly] {\\n\\","    background: #ddd;\\n\\","}\\n\\","</style>\\n\\","</head>\\n\\","<body>\\n\\","<!-- utility2-comment\\n\\","<div id=\"ajaxProgressDiv1\" style=\"background: #d00; height: 2px; left: 0; margin: 0; padding: 0; position: fixed; top: 0; transition: background 0.5s, width 1.5s; width: 25%;\"></div>\\n\\","utility2-comment -->\\n\\","<h1>\\n\\","<!-- utility2-comment\\n\\","    <a\\n\\","        {{#if env.npm_package_homepage}}\\n\\","        href=\"{{env.npm_package_homepage}}\"\\n\\","        {{/if env.npm_package_homepage}}\\n\\","        target=\"_blank\"\\n\\","    >\\n\\","utility2-comment -->\\n\\","        {{env.npm_package_name}} (v{{env.npm_package_version}})\\n\\","<!-- utility2-comment\\n\\","    </a>\\n\\","utility2-comment -->\\n\\","</h1>\\n\\","<h3>{{env.npm_package_description}}</h3>\\n\\","<!-- utility2-comment\\n\\","<h4><a download href=\"assets.app.js\">download standalone app</a></h4>\\n\\","<button class=\"onclick onreset\" id=\"testRunButton1\">run internal test</button><br>\\n\\","<div id=\"testReportDiv1\" style=\"display: none;\"></div>\\n\\","utility2-comment -->\\n\\","\\n\\","\\n\\","\\n\\","<label>stderr and stdout</label>\\n\\","<textarea class=\"resettable\" id=\"outputTextareaStdout1\" readonly></textarea>\\n\\","<!-- utility2-comment\\n\\","{{#if isRollup}}\\n\\","<script src=\"assets.app.js\"></script>\\n\\","{{#unless isRollup}}\\n\\","utility2-comment -->\\n\\","<script src=\"assets.utility2.rollup.js\"></script>\\n\\","<script src=\"jsonp.utility2._stateInit?callback=window.utility2._stateInit\"></script>\\n\\","<script src=\"assets.npmtest_kraken_js.rollup.js\"></script>\\n\\","<script src=\"assets.example.js\"></script>\\n\\","<script src=\"assets.test.js\"></script>\\n\\","<!-- utility2-comment\\n\\","{{/if isRollup}}\\n\\","utility2-comment -->\\n\\","<div class=\"utility2FooterDiv\">\\n\\","    [ this app was created with\\n\\","    <a href=\"https://github.com/kaizhu256/node-utility2\" target=\"_blank\">utility2</a>\\n\\","    ]\\n\\","</div>\\n\\","</body>\\n\\","</html>\\n\\","';","        /* jslint-ignore-end */","        if (local.templateRender) {","            local.assetsDict['/'] = local.templateRender(","                local.assetsDict['/assets.index.template.html'],","                {","                    env: local.objectSetDefault(local.env, {","                        npm_package_description: 'the greatest app in the world!',","                        npm_package_name: 'my-app',","                        npm_package_nameAlias: 'my_app',","                        npm_package_version: '0.0.1'","                    })","                }","            );","        } else {","            local.assetsDict['/'] = local.assetsDict['/assets.index.template.html']","                .replace((/\\{\\{env\\.(\\w+?)\\}\\}/g), function (match0, match1) {","                    // jslint-hack","                    String(match0);","                    switch (match1) {","                    case 'npm_package_description':","                        return 'the greatest app in the world!';","                    case 'npm_package_name':","                        return 'my-app';","                    case 'npm_package_nameAlias':","                        return 'my_app';","                    case 'npm_package_version':","                        return '0.0.1';","                    }","                });","        }","        // run the cli","        if (local.global.utility2_rollup || module !== require.main) {","            break;","        }","        local.assetsDict['/assets.example.js'] =","            local.assetsDict['/assets.example.js'] ||","            local.fs.readFileSync(__filename, 'utf8');","        // bug-workaround - long $npm_package_buildCustomOrg","        /* jslint-ignore-begin */","        local.assetsDict['/assets.npmtest_kraken_js.rollup.js'] =","            local.assetsDict['/assets.npmtest_kraken_js.rollup.js'] ||","            local.fs.readFileSync(","                local.npmtest_kraken_js.__dirname + '/lib.npmtest_kraken_js.js',","                'utf8'","            ).replace((/^#!/), '//');","        /* jslint-ignore-end */","        local.assetsDict['/favicon.ico'] = local.assetsDict['/favicon.ico'] || '';","        // if $npm_config_timeout_exit exists,","        // then exit this process after $npm_config_timeout_exit ms","        if (Number(process.env.npm_config_timeout_exit)) {","            setTimeout(process.exit, Number(process.env.npm_config_timeout_exit));","        }","        // start server","        if (local.global.utility2_serverHttp1) {","            break;","        }","        process.env.PORT = process.env.PORT || '8081';","        console.error('server starting on port ' + process.env.PORT);","        local.http.createServer(function (request, response) {","            request.urlParsed = local.url.parse(request.url);","            if (local.assetsDict[request.urlParsed.pathname] !== undefined) {","                response.end(local.assetsDict[request.urlParsed.pathname]);","                return;","            }","            response.statusCode = 404;","            response.end();","        }).listen(process.env.PORT);","        break;","    }","}());",""],"l":{"26":2,"28":2,"33":2,"35":2,"37":2,"38":2,"39":2,"44":1,"51":2,"55":2,"59":2,"61":2,"69":1,"70":2,"76":2,"79":2,"82":2,"83":2,"85":1,"89":2,"92":1,"93":1,"94":1,"96":1,"97":1,"100":1,"101":1,"103":1,"106":1,"108":2,"114":1,"116":1,"118":1,"123":1,"124":2,"125":2,"126":3,"127":3,"128":3,"129":3,"130":1,"133":3,"134":3,"139":3,"143":1,"144":3,"145":1,"149":1,"150":1,"158":1,"160":1,"161":1,"162":1,"164":1,"166":1,"258":1,"259":1,"271":1,"274":6,"275":6,"277":1,"279":2,"281":1,"283":2,"288":1,"289":1,"291":1,"296":1,"303":1,"306":1,"307":1,"310":1,"311":1,"313":1,"314":1,"315":1,"316":1,"317":1,"318":1,"319":1,"321":1,"322":1,"324":1}},"/home/travis/build/npmtest/node-npmtest-kraken-js/node_modules/kraken-js/index.js":{"path":"/home/travis/build/npmtest/node-npmtest-kraken-js/node_modules/kraken-js/index.js","s":{"1":1,"2":1,"3":1,"4":1,"5":1,"6":1,"7":0,"8":1,"9":0,"10":0,"11":0,"12":0,"13":0,"14":0,"15":0,"16":0,"17":0,"18":0,"19":0,"20":0,"21":0,"22":0,"23":0,"24":0,"25":0,"26":0,"27":0,"28":0,"29":0,"30":0,"31":0,"32":0,"33":0,"34":0,"35":0,"36":0,"37":0,"38":0,"39":0,"40":0,"41":0},"b":{"1":[0,0],"2":[0,0],"3":[0,0],"4":[0,0],"5":[0,0],"6":[0,0],"7":[0,0],"8":[0,0]},"f":{"1":0,"2":0,"3":0,"4":0},"fnMap":{"1":{"name":"noop","line":27,"loc":{"start":{"line":27,"column":0},"end":{"line":27,"column":23}}},"2":{"name":"(anonymous_2)","line":32,"loc":{"start":{"line":32,"column":17},"end":{"line":32,"column":36}}},"3":{"name":"onmount","line":49,"loc":{"start":{"line":49,"column":22},"end":{"line":49,"column":47}}},"4":{"name":"startup","line":70,"loc":{"start":{"line":70,"column":19},"end":{"line":70,"column":52}}}},"statementMap":{"1":{"start":{"line":20,"column":0},"end":{"line":20,"column":27}},"2":{"start":{"line":21,"column":0},"end":{"line":21,"column":31}},"3":{"start":{"line":22,"column":0},"end":{"line":22,"column":33}},"4":{"start":{"line":23,"column":0},"end":{"line":23,"column":43}},"5":{"start":{"line":24,"column":0},"end":{"line":24,"column":42}},"6":{"start":{"line":27,"column":0},"end":{"line":29,"column":1}},"7":{"start":{"line":28,"column":4},"end":{"line":28,"column":18}},"8":{"start":{"line":32,"column":0},"end":{"line":93,"column":2}},"9":{"start":{"line":33,"column":4},"end":{"line":33,"column":12}},"10":{"start":{"line":35,"column":4},"end":{"line":37,"column":5}},"11":{"start":{"line":36,"column":8},"end":{"line":36,"column":39}},"12":{"start":{"line":39,"column":4},"end":{"line":39,"column":28}},"13":{"start":{"line":40,"column":4},"end":{"line":40,"column":51}},"14":{"start":{"line":41,"column":4},"end":{"line":41,"column":52}},"15":{"start":{"line":42,"column":4},"end":{"line":42,"column":69}},"16":{"start":{"line":43,"column":4},"end":{"line":43,"column":32}},"17":{"start":{"line":44,"column":4},"end":{"line":44,"column":50}},"18":{"start":{"line":46,"column":4},"end":{"line":46,"column":39}},"19":{"start":{"line":48,"column":4},"end":{"line":48,"column":20}},"20":{"start":{"line":49,"column":4},"end":{"line":90,"column":7}},"21":{"start":{"line":50,"column":8},"end":{"line":50,"column":34}},"22":{"start":{"line":53,"column":8},"end":{"line":53,"column":35}},"23":{"start":{"line":58,"column":8},"end":{"line":58,"column":42}},"24":{"start":{"line":60,"column":8},"end":{"line":60,"column":50}},"25":{"start":{"line":61,"column":8},"end":{"line":61,"column":50}},"26":{"start":{"line":66,"column":8},"end":{"line":66,"column":45}},"27":{"start":{"line":67,"column":8},"end":{"line":67,"column":35}},"28":{"start":{"line":70,"column":8},"end":{"line":89,"column":11}},"29":{"start":{"line":71,"column":12},"end":{"line":71,"column":49}},"30":{"start":{"line":73,"column":12},"end":{"line":80,"column":13}},"31":{"start":{"line":74,"column":16},"end":{"line":74,"column":32}},"32":{"start":{"line":75,"column":16},"end":{"line":77,"column":17}},"33":{"start":{"line":76,"column":20},"end":{"line":76,"column":40}},"34":{"start":{"line":78,"column":16},"end":{"line":78,"column":48}},"35":{"start":{"line":79,"column":16},"end":{"line":79,"column":23}},"36":{"start":{"line":82,"column":12},"end":{"line":86,"column":13}},"37":{"start":{"line":83,"column":16},"end":{"line":83,"column":32}},"38":{"start":{"line":84,"column":16},"end":{"line":84,"column":61}},"39":{"start":{"line":85,"column":16},"end":{"line":85,"column":23}},"40":{"start":{"line":88,"column":12},"end":{"line":88,"column":19}},"41":{"start":{"line":92,"column":4},"end":{"line":92,"column":15}}},"branchMap":{"1":{"line":35,"type":"if","locations":[{"start":{"line":35,"column":4},"end":{"line":35,"column":4}},{"start":{"line":35,"column":4},"end":{"line":35,"column":4}}]},"2":{"line":39,"type":"binary-expr","locations":[{"start":{"line":39,"column":14},"end":{"line":39,"column":21}},{"start":{"line":39,"column":25},"end":{"line":39,"column":27}}]},"3":{"line":40,"type":"binary-expr","locations":[{"start":{"line":40,"column":27},"end":{"line":40,"column":44}},{"start":{"line":40,"column":48},"end":{"line":40,"column":50}}]},"4":{"line":41,"type":"binary-expr","locations":[{"start":{"line":41,"column":27},"end":{"line":41,"column":43}},{"start":{"line":41,"column":47},"end":{"line":41,"column":51}}]},"5":{"line":42,"type":"binary-expr","locations":[{"start":{"line":42,"column":27},"end":{"line":42,"column":42}},{"start":{"line":42,"column":46},"end":{"line":42,"column":68}}]},"6":{"line":73,"type":"if","locations":[{"start":{"line":73,"column":12},"end":{"line":73,"column":12}},{"start":{"line":73,"column":12},"end":{"line":73,"column":12}}]},"7":{"line":75,"type":"if","locations":[{"start":{"line":75,"column":16},"end":{"line":75,"column":16}},{"start":{"line":75,"column":16},"end":{"line":75,"column":16}}]},"8":{"line":82,"type":"if","locations":[{"start":{"line":82,"column":12},"end":{"line":82,"column":12}},{"start":{"line":82,"column":12},"end":{"line":82,"column":12}}]}},"code":["/*───────────────────────────────────────────────────────────────────────────*\\"," │  Copyright (C) 2014 eBay Software Foundation                                │"," │                                                                             │"," │hh ,'\"\"`.                                                                    │"," │  / _  _ \\  Licensed under the Apache License, Version 2.0 (the \"License\");  │"," │  |(@)(@)|  you may not use this file except in compliance with the License. │"," │  )  __  (  You may obtain a copy of the License at                          │"," │ /,'))((`.\\                                                                  │"," │(( ((  )) ))    http://www.apache.org/licenses/LICENSE-2.0                   │"," │ `\\ `)(' /'                                                                  │"," │                                                                             │"," │   Unless required by applicable law or agreed to in writing, software       │"," │   distributed under the License is distributed on an \"AS IS\" BASIS,         │"," │   WITHOUT WARRANTIES OR CONDITIONS OF ANY KIND, either express or implied.  │"," │   See the License for the specific language governing permissions and       │"," │   limitations under the License.                                            │"," \\*───────────────────────────────────────────────────────────────────────────*/","'use strict';","","var path = require('path');","var caller = require('caller');","var express = require('express');","var bootstrap = require('./lib/bootstrap');","var debug = require('debuglog')('kraken');","","","function noop(obj, cb) {","    cb(null, obj);","}","","","module.exports = function (options) {","    var app;","","    if (typeof options === 'string') {","        options = { basedir: options };","    }","","    options = options || {};","    options.protocols    = options.protocols || {};","    options.onconfig     = options.onconfig || noop;","    options.basedir      = options.basedir || path.dirname(caller());","    options.mountpath    = null;","    options.inheritViews = !!options.inheritViews;","","    debug('kraken options\\n', options);","","    app = express();","    app.once('mount', function onmount(parent) {","        var start, error, promise;","","        // Remove sacrificial express app","        parent._router.stack.pop();","","        // Since this particular `app` instance is","        // subsequently deleted, the `mountpath` is","        // moved to `options` for use later.","        options.mountpath = app.mountpath;","","        start = parent.emit.bind(parent, 'start');","        error = parent.emit.bind(parent, 'error');","","        // Kick off server and add middleware which will block until","        // server is ready. This way we don't have to block standard","        // `listen` behavior, but failures will occur immediately.","        promise = bootstrap(parent, options);","        promise.then(start, error);","","","        parent.use(function startup(req, res, next) {","            var headers = options.startupHeaders;","            ","            if (promise.isPending()) {","                res.status(503);","                if (headers) {","                    res.header(headers);","                }","                res.send('Server is starting.');","                return;","            }","","            if (promise.isRejected()) {","                res.status(503);","                res.send('The application failed to start.');","                return;","            }","","            next();","        });","    });","","    return app;","};",""],"l":{"20":1,"21":1,"22":1,"23":1,"24":1,"27":1,"28":0,"32":1,"33":0,"35":0,"36":0,"39":0,"40":0,"41":0,"42":0,"43":0,"44":0,"46":0,"48":0,"49":0,"50":0,"53":0,"58":0,"60":0,"61":0,"66":0,"67":0,"70":0,"71":0,"73":0,"74":0,"75":0,"76":0,"78":0,"79":0,"82":0,"83":0,"84":0,"85":0,"88":0,"92":0}},"/home/travis/build/npmtest/node-npmtest-kraken-js/node_modules/kraken-js/lib/bootstrap.js":{"path":"/home/travis/build/npmtest/node-npmtest-kraken-js/node_modules/kraken-js/lib/bootstrap.js","s":{"1":1,"2":1,"3":1,"4":1,"5":1,"6":1,"7":1,"8":0,"9":0,"10":0},"b":{},"f":{"1":0,"2":0},"fnMap":{"1":{"name":"(anonymous_1)","line":28,"loc":{"start":{"line":28,"column":17},"end":{"line":28,"column":41}}},"2":{"name":"complete","line":36,"loc":{"start":{"line":36,"column":14},"end":{"line":36,"column":34}}}},"statementMap":{"1":{"start":{"line":20,"column":0},"end":{"line":20,"column":31}},"2":{"start":{"line":21,"column":0},"end":{"line":21,"column":33}},"3":{"start":{"line":22,"column":0},"end":{"line":22,"column":33}},"4":{"start":{"line":23,"column":0},"end":{"line":23,"column":37}},"5":{"start":{"line":24,"column":0},"end":{"line":24,"column":41}},"6":{"start":{"line":25,"column":0},"end":{"line":25,"column":52}},"7":{"start":{"line":28,"column":0},"end":{"line":39,"column":2}},"8":{"start":{"line":30,"column":4},"end":{"line":30,"column":39}},"9":{"start":{"line":32,"column":4},"end":{"line":38,"column":11}},"10":{"start":{"line":37,"column":12},"end":{"line":37,"column":35}}},"branchMap":{},"code":["/*───────────────────────────────────────────────────────────────────────────*\\"," │  Copyright (C) 2014 eBay Software Foundation                                │"," │                                                                             │"," │hh ,'\"\"`.                                                                    │"," │  / _  _ \\  Licensed under the Apache License, Version 2.0 (the \"License\");  │"," │  |(@)(@)|  you may not use this file except in compliance with the License. │"," │  )  __  (  You may obtain a copy of the License at                          │"," │ /,'))((`.\\                                                                  │"," │(( ((  )) ))    http://www.apache.org/licenses/LICENSE-2.0                   │"," │ `\\ `)(' /'                                                                  │"," │                                                                             │"," │   Unless required by applicable law or agreed to in writing, software       │"," │   distributed under the License is distributed on an \"AS IS\" BASIS,         │"," │   WITHOUT WARRANTIES OR CONDITIONS OF ANY KIND, either express or implied.  │"," │   See the License for the specific language governing permissions and       │"," │   limitations under the License.                                            │"," \\*───────────────────────────────────────────────────────────────────────────*/","'use strict';","","var views = require('./views');","var endgame = require('endgame');","var events = require('./events');","var settings = require('./settings');","var middleware = require('./middleware');","var debug = require('debuglog')('kraken/bootstrap');","","","module.exports = function (app, options) {","","    endgame(options.uncaughtException);","","    return settings(app, options)","        .then(views)","        .then(middleware)","        .then(events)","        .then(function complete() {","            debug('init complete');","        });","};",""],"l":{"20":1,"21":1,"22":1,"23":1,"24":1,"25":1,"28":1,"30":0,"32":0,"37":0}},"/home/travis/build/npmtest/node-npmtest-kraken-js/node_modules/kraken-js/lib/views.js":{"path":"/home/travis/build/npmtest/node-npmtest-kraken-js/node_modules/kraken-js/lib/views.js","s":{"1":1,"2":1,"3":1,"4":0,"5":0,"6":0,"7":0,"8":0,"9":0,"10":0,"11":0,"12":0,"13":0,"14":0,"15":0,"16":0,"17":0,"18":0,"19":0,"20":0,"21":0,"22":0},"b":{"1":[0,0],"2":[0,0],"3":[0,0],"4":[0,0],"5":[0,0],"6":[0,0],"7":[0,0],"8":[0,0]},"f":{"1":0,"2":0},"fnMap":{"1":{"name":"views","line":24,"loc":{"start":{"line":24,"column":17},"end":{"line":24,"column":37}}},"2":{"name":"(anonymous_2)","line":30,"loc":{"start":{"line":30,"column":33},"end":{"line":30,"column":48}}}},"statementMap":{"1":{"start":{"line":20,"column":0},"end":{"line":20,"column":36}},"2":{"start":{"line":21,"column":0},"end":{"line":21,"column":48}},"3":{"start":{"line":24,"column":0},"end":{"line":57,"column":2}},"4":{"start":{"line":25,"column":4},"end":{"line":25,"column":16}},"5":{"start":{"line":27,"column":4},"end":{"line":27,"column":32}},"6":{"start":{"line":29,"column":4},"end":{"line":29,"column":51}},"7":{"start":{"line":30,"column":4},"end":{"line":54,"column":7}},"8":{"start":{"line":31,"column":8},"end":{"line":31,"column":39}},"9":{"start":{"line":33,"column":8},"end":{"line":33,"column":28}},"10":{"start":{"line":34,"column":8},"end":{"line":34,"column":38}},"11":{"start":{"line":36,"column":8},"end":{"line":51,"column":9}},"12":{"start":{"line":37,"column":12},"end":{"line":37,"column":103}},"13":{"start":{"line":38,"column":12},"end":{"line":38,"column":68}},"14":{"start":{"line":40,"column":15},"end":{"line":51,"column":9}},"15":{"start":{"line":41,"column":12},"end":{"line":41,"column":43}},"16":{"start":{"line":43,"column":15},"end":{"line":51,"column":9}},"17":{"start":{"line":44,"column":12},"end":{"line":44,"column":39}},"18":{"start":{"line":46,"column":15},"end":{"line":51,"column":9}},"19":{"start":{"line":47,"column":12},"end":{"line":47,"column":33}},"20":{"start":{"line":50,"column":12},"end":{"line":50,"column":28}},"21":{"start":{"line":53,"column":8},"end":{"line":53,"column":32}},"22":{"start":{"line":56,"column":4},"end":{"line":56,"column":15}}},"branchMap":{"1":{"line":29,"type":"binary-expr","locations":[{"start":{"line":29,"column":14},"end":{"line":29,"column":44}},{"start":{"line":29,"column":48},"end":{"line":29,"column":50}}]},"2":{"line":36,"type":"if","locations":[{"start":{"line":36,"column":8},"end":{"line":36,"column":8}},{"start":{"line":36,"column":8},"end":{"line":36,"column":8}}]},"3":{"line":36,"type":"binary-expr","locations":[{"start":{"line":36,"column":12},"end":{"line":36,"column":41}},{"start":{"line":36,"column":45},"end":{"line":36,"column":91}}]},"4":{"line":37,"type":"cond-expr","locations":[{"start":{"line":37,"column":63},"end":{"line":37,"column":97}},{"start":{"line":37,"column":100},"end":{"line":37,"column":102}}]},"5":{"line":40,"type":"if","locations":[{"start":{"line":40,"column":15},"end":{"line":40,"column":15}},{"start":{"line":40,"column":15},"end":{"line":40,"column":15}}]},"6":{"line":40,"type":"binary-expr","locations":[{"start":{"line":40,"column":19},"end":{"line":40,"column":48}},{"start":{"line":40,"column":52},"end":{"line":40,"column":91}}]},"7":{"line":43,"type":"if","locations":[{"start":{"line":43,"column":15},"end":{"line":43,"column":15}},{"start":{"line":43,"column":15},"end":{"line":43,"column":15}}]},"8":{"line":46,"type":"if","locations":[{"start":{"line":46,"column":15},"end":{"line":46,"column":15}},{"start":{"line":46,"column":15},"end":{"line":46,"column":15}}]}},"code":["/*───────────────────────────────────────────────────────────────────────────*\\"," │  Copyright (C) 2014 eBay Software Foundation                                │"," │                                                                             │"," │hh ,'\"\"`.                                                                    │"," │  / _  _ \\  Licensed under the Apache License, Version 2.0 (the \"License\");  │"," │  |(@)(@)|  you may not use this file except in compliance with the License. │"," │  )  __  (  You may obtain a copy of the License at                          │"," │ /,'))((`.\\                                                                  │"," │(( ((  )) ))    http://www.apache.org/licenses/LICENSE-2.0                   │"," │ `\\ `)(' /'                                                                  │"," │                                                                             │"," │   Unless required by applicable law or agreed to in writing, software       │"," │   distributed under the License is distributed on an \"AS IS\" BASIS,         │"," │   WITHOUT WARRANTIES OR CONDITIONS OF ANY KIND, either express or implied.  │"," │   See the License for the specific language governing permissions and       │"," │   limitations under the License.                                            │"," \\*───────────────────────────────────────────────────────────────────────────*/","'use strict';","","var thing = require('core-util-is');","var debug = require('debuglog')('kraken/views');","","","module.exports = function views(app) {","    var engines;","","    debug('initializing views');","","    engines = app.kraken.get('view engines') || {};","    Object.keys(engines).forEach(function (ext) {","        var spec, module, args, engine;","","        spec = engines[ext];","        module = require(spec.module);","","        if (thing.isObject(spec.renderer) && thing.isFunction(module[spec.renderer.method])) {","            args = Array.isArray(spec.renderer['arguments']) ? spec.renderer['arguments'].slice() : [];","            engine = module[spec.renderer.method].apply(null, args);","","        } else if (thing.isString(spec.renderer) && thing.isFunction(module[spec.renderer])) {","            engine = module[spec.renderer];","","        } else if (thing.isFunction(module[spec.name])) {","            engine = module[spec.name];","","        } else if (thing.isFunction(module[ext])) {","            engine = module[ext];","","        } else {","            engine = module;","        }","","        app.engine(ext, engine);","    });","","    return app;","};"],"l":{"20":1,"21":1,"24":1,"25":0,"27":0,"29":0,"30":0,"31":0,"33":0,"34":0,"36":0,"37":0,"38":0,"40":0,"41":0,"43":0,"44":0,"46":0,"47":0,"50":0,"53":0,"56":0}},"/home/travis/build/npmtest/node-npmtest-kraken-js/node_modules/kraken-js/lib/events.js":{"path":"/home/travis/build/npmtest/node-npmtest-kraken-js/node_modules/kraken-js/lib/events.js","s":{"1":1,"2":1,"3":0,"4":0,"5":0,"6":0,"7":0,"8":0,"9":0,"10":0,"11":0,"12":0,"13":0,"14":0,"15":0},"b":{},"f":{"1":0,"2":0,"3":0},"fnMap":{"1":{"name":"events","line":23,"loc":{"start":{"line":23,"column":17},"end":{"line":23,"column":38}}},"2":{"name":"onshutdown","line":26,"loc":{"start":{"line":26,"column":23},"end":{"line":26,"column":60}}},"3":{"name":"(anonymous_3)","line":29,"loc":{"start":{"line":29,"column":15},"end":{"line":29,"column":31}}}},"statementMap":{"1":{"start":{"line":20,"column":0},"end":{"line":20,"column":49}},"2":{"start":{"line":23,"column":0},"end":{"line":44,"column":2}},"3":{"start":{"line":24,"column":4},"end":{"line":24,"column":14}},"4":{"start":{"line":26,"column":4},"end":{"line":41,"column":7}},"5":{"start":{"line":27,"column":8},"end":{"line":27,"column":26}},"6":{"start":{"line":29,"column":8},"end":{"line":32,"column":10}},"7":{"start":{"line":30,"column":12},"end":{"line":30,"column":29}},"8":{"start":{"line":31,"column":12},"end":{"line":31,"column":31}},"9":{"start":{"line":34,"column":8},"end":{"line":34,"column":32}},"10":{"start":{"line":35,"column":8},"end":{"line":35,"column":33}},"11":{"start":{"line":37,"column":8},"end":{"line":37,"column":39}},"12":{"start":{"line":38,"column":8},"end":{"line":38,"column":25}},"13":{"start":{"line":39,"column":8},"end":{"line":39,"column":28}},"14":{"start":{"line":40,"column":8},"end":{"line":40,"column":41}},"15":{"start":{"line":43,"column":4},"end":{"line":43,"column":15}}},"branchMap":{},"code":["/*───────────────────────────────────────────────────────────────────────────*\\"," │  Copyright (C) 2014 eBay Software Foundation                                │"," │                                                                             │"," │hh ,'\"\"`.                                                                    │"," │  / _  _ \\  Licensed under the Apache License, Version 2.0 (the \"License\");  │"," │  |(@)(@)|  you may not use this file except in compliance with the License. │"," │  )  __  (  You may obtain a copy of the License at                          │"," │ /,'))((`.\\                                                                  │"," │(( ((  )) ))    http://www.apache.org/licenses/LICENSE-2.0                   │"," │ `\\ `)(' /'                                                                  │"," │                                                                             │"," │   Unless required by applicable law or agreed to in writing, software       │"," │   distributed under the License is distributed on an \"AS IS\" BASIS,         │"," │   WITHOUT WARRANTIES OR CONDITIONS OF ANY KIND, either express or implied.  │"," │   See the License for the specific language governing permissions and       │"," │   limitations under the License.                                            │"," \\*───────────────────────────────────────────────────────────────────────────*/","'use strict';","","var debug = require('debuglog')('kraken/events');","","","module.exports = function events(app) {","    var timer;","","    app.on('shutdown', function onshutdown(server, timeout) {","        var stop, ok, err;","","        stop = function (code) {","            app.emit('stop');","            process.exit(code);","        };","","        ok = stop.bind(null, 0);","        err = stop.bind(null, 1);","","        debug('process shutting down');","        server.close(ok);","        clearTimeout(timer);","        timer = setTimeout(err, timeout);","    });","","    return app;","};"],"l":{"20":1,"23":1,"24":0,"26":0,"27":0,"29":0,"30":0,"31":0,"34":0,"35":0,"37":0,"38":0,"39":0,"40":0,"43":0}},"/home/travis/build/npmtest/node-npmtest-kraken-js/node_modules/kraken-js/lib/settings.js":{"path":"/home/travis/build/npmtest/node-npmtest-kraken-js/node_modules/kraken-js/lib/settings.js","s":{"1":1,"2":1,"3":1,"4":1,"5":1,"6":0,"7":1,"8":0,"9":0,"10":0,"11":0,"12":0,"13":0,"14":0,"15":0,"16":0,"17":0,"18":0,"19":0,"20":0,"21":0,"22":1,"23":0,"24":0,"25":0,"26":0,"27":0,"28":1,"29":0,"30":0,"31":0,"32":0,"33":0,"34":0,"35":0,"36":0,"37":0,"38":0,"39":0,"40":0,"41":0,"42":0,"43":0,"44":0},"b":{"1":[0,0],"2":[0,0],"3":[0,0],"4":[0,0],"5":[0,0],"6":[0,0],"7":[0,0]},"f":{"1":0,"2":0,"3":0,"4":0,"5":0,"6":0,"7":0,"8":0,"9":0,"10":0},"fnMap":{"1":{"name":"settings","line":27,"loc":{"start":{"line":27,"column":17},"end":{"line":27,"column":49}}},"2":{"name":"mount","line":30,"loc":{"start":{"line":30,"column":4},"end":{"line":30,"column":41}}},"3":{"name":"(anonymous_3)","line":40,"loc":{"start":{"line":40,"column":22},"end":{"line":40,"column":38}}},"4":{"name":"(anonymous_4)","line":48,"loc":{"start":{"line":48,"column":22},"end":{"line":48,"column":38}}},"5":{"name":"(anonymous_5)","line":62,"loc":{"start":{"line":62,"column":25},"end":{"line":62,"column":41}}},"6":{"name":"compose","line":68,"loc":{"start":{"line":68,"column":4},"end":{"line":68,"column":29}}},"7":{"name":"(anonymous_7)","line":77,"loc":{"start":{"line":77,"column":30},"end":{"line":77,"column":42}}},"8":{"name":"complete","line":86,"loc":{"start":{"line":86,"column":4},"end":{"line":86,"column":30}}},"9":{"name":"(anonymous_9)","line":99,"loc":{"start":{"line":99,"column":38},"end":{"line":99,"column":54}}},"10":{"name":"(anonymous_10)","line":111,"loc":{"start":{"line":111,"column":37},"end":{"line":111,"column":53}}}},"statementMap":{"1":{"start":{"line":20,"column":0},"end":{"line":20,"column":35}},"2":{"start":{"line":21,"column":0},"end":{"line":21,"column":33}},"3":{"start":{"line":22,"column":0},"end":{"line":22,"column":51}},"4":{"start":{"line":25,"column":0},"end":{"line":25,"column":62}},"5":{"start":{"line":27,"column":0},"end":{"line":130,"column":2}},"6":{"start":{"line":28,"column":4},"end":{"line":28,"column":35}},"7":{"start":{"line":30,"column":4},"end":{"line":65,"column":5}},"8":{"start":{"line":31,"column":8},"end":{"line":31,"column":40}},"9":{"start":{"line":34,"column":8},"end":{"line":34,"column":41}},"10":{"start":{"line":35,"column":8},"end":{"line":35,"column":45}},"11":{"start":{"line":37,"column":8},"end":{"line":54,"column":9}},"12":{"start":{"line":40,"column":12},"end":{"line":43,"column":14}},"13":{"start":{"line":41,"column":16},"end":{"line":41,"column":94}},"14":{"start":{"line":42,"column":16},"end":{"line":42,"column":38}},"15":{"start":{"line":48,"column":12},"end":{"line":53,"column":14}},"16":{"start":{"line":49,"column":16},"end":{"line":49,"column":49}},"17":{"start":{"line":50,"column":16},"end":{"line":52,"column":17}},"18":{"start":{"line":51,"column":20},"end":{"line":51,"column":44}},"19":{"start":{"line":57,"column":8},"end":{"line":57,"column":42}},"20":{"start":{"line":62,"column":8},"end":{"line":64,"column":11}},"21":{"start":{"line":63,"column":12},"end":{"line":63,"column":38}},"22":{"start":{"line":68,"column":4},"end":{"line":83,"column":5}},"23":{"start":{"line":71,"column":8},"end":{"line":80,"column":9}},"24":{"start":{"line":73,"column":12},"end":{"line":73,"column":40}},"25":{"start":{"line":77,"column":12},"end":{"line":79,"column":15}},"26":{"start":{"line":78,"column":16},"end":{"line":78,"column":45}},"27":{"start":{"line":82,"column":8},"end":{"line":82,"column":22}},"28":{"start":{"line":86,"column":4},"end":{"line":124,"column":5}},"29":{"start":{"line":87,"column":8},"end":{"line":87,"column":21}},"30":{"start":{"line":89,"column":8},"end":{"line":89,"column":41}},"31":{"start":{"line":93,"column":8},"end":{"line":95,"column":9}},"32":{"start":{"line":94,"column":12},"end":{"line":94,"column":51}},"33":{"start":{"line":99,"column":8},"end":{"line":101,"column":11}},"34":{"start":{"line":100,"column":12},"end":{"line":100,"column":42}},"35":{"start":{"line":103,"column":8},"end":{"line":114,"column":9}},"36":{"start":{"line":111,"column":12},"end":{"line":113,"column":15}},"37":{"start":{"line":112,"column":16},"end":{"line":112,"column":61}},"38":{"start":{"line":117,"column":8},"end":{"line":117,"column":144}},"39":{"start":{"line":118,"column":8},"end":{"line":118,"column":66}},"40":{"start":{"line":119,"column":8},"end":{"line":119,"column":46}},"41":{"start":{"line":120,"column":8},"end":{"line":120,"column":28}},"42":{"start":{"line":122,"column":8},"end":{"line":122,"column":50}},"43":{"start":{"line":123,"column":8},"end":{"line":123,"column":19}},"44":{"start":{"line":126,"column":4},"end":{"line":129,"column":24}}},"branchMap":{"1":{"line":37,"type":"if","locations":[{"start":{"line":37,"column":8},"end":{"line":37,"column":8}},{"start":{"line":37,"column":8},"end":{"line":37,"column":8}}]},"2":{"line":50,"type":"if","locations":[{"start":{"line":50,"column":16},"end":{"line":50,"column":16}},{"start":{"line":50,"column":16},"end":{"line":50,"column":16}}]},"3":{"line":71,"type":"if","locations":[{"start":{"line":71,"column":8},"end":{"line":71,"column":8}},{"start":{"line":71,"column":8},"end":{"line":71,"column":8}}]},"4":{"line":93,"type":"if","locations":[{"start":{"line":93,"column":8},"end":{"line":93,"column":8}},{"start":{"line":93,"column":8},"end":{"line":93,"column":8}}]},"5":{"line":103,"type":"if","locations":[{"start":{"line":103,"column":8},"end":{"line":103,"column":8}},{"start":{"line":103,"column":8},"end":{"line":103,"column":8}}]},"6":{"line":117,"type":"cond-expr","locations":[{"start":{"line":117,"column":102},"end":{"line":117,"column":119}},{"start":{"line":117,"column":122},"end":{"line":117,"column":142}}]},"7":{"line":117,"type":"binary-expr","locations":[{"start":{"line":117,"column":31},"end":{"line":117,"column":68}},{"start":{"line":117,"column":73},"end":{"line":117,"column":98}}]}},"code":["/*───────────────────────────────────────────────────────────────────────────*\\"," │  Copyright (C) 2014 eBay Software Foundation                                │"," │                                                                             │"," │hh ,'\"\"`.                                                                    │"," │  / _  _ \\  Licensed under the Apache License, Version 2.0 (the \"License\");  │"," │  |(@)(@)|  you may not use this file except in compliance with the License. │"," │  )  __  (  You may obtain a copy of the License at                          │"," │ /,'))((`.\\                                                                  │"," │(( ((  )) ))    http://www.apache.org/licenses/LICENSE-2.0                   │"," │ `\\ `)(' /'                                                                  │"," │                                                                             │"," │   Unless required by applicable law or agreed to in writing, software       │"," │   distributed under the License is distributed on an \"AS IS\" BASIS,         │"," │   WITHOUT WARRANTIES OR CONDITIONS OF ANY KIND, either express or implied.  │"," │   See the License for the specific language governing permissions and       │"," │   limitations under the License.                   
[...]
:0,"4":0,"5":0,"6":0,"7":0,"8":0,"9":0,"10":0},"fnMap":{"1":{"name":"filter","line":30,"loc":{"start":{"line":30,"column":0},"end":{"line":30,"column":20}}},"2":{"name":"multipart","line":31,"loc":{"start":{"line":31,"column":11},"end":{"line":31,"column":46}}},"3":{"name":"forEachValue","line":48,"loc":{"start":{"line":48,"column":0},"end":{"line":48,"column":37}}},"4":{"name":"(anonymous_4)","line":49,"loc":{"start":{"line":49,"column":29},"end":{"line":49,"column":45}}},"5":{"name":"cleanify","line":60,"loc":{"start":{"line":60,"column":0},"end":{"line":60,"column":25}}},"6":{"name":"funlink","line":69,"loc":{"start":{"line":69,"column":0},"end":{"line":69,"column":23}}},"7":{"name":"(anonymous_7)","line":73,"loc":{"start":{"line":73,"column":24},"end":{"line":73,"column":39}}},"8":{"name":"(anonymous_8)","line":83,"loc":{"start":{"line":83,"column":17},"end":{"line":83,"column":35}}},"9":{"name":"(anonymous_9)","line":86,"loc":{"start":{"line":86,"column":18},"end":{"line":86,"column":44}}},"10":{"name":"(anonymous_10)","line":88,"loc":{"start":{"line":88,"column":24},"end":{"line":88,"column":54}}}},"statementMap":{"1":{"start":{"line":20,"column":0},"end":{"line":22,"column":63}},"2":{"start":{"line":30,"column":0},"end":{"line":40,"column":1}},"3":{"start":{"line":31,"column":4},"end":{"line":39,"column":6}},"4":{"start":{"line":32,"column":8},"end":{"line":32,"column":54}},"5":{"start":{"line":33,"column":8},"end":{"line":37,"column":9}},"6":{"start":{"line":34,"column":12},"end":{"line":34,"column":48}},"7":{"start":{"line":35,"column":12},"end":{"line":35,"column":38}},"8":{"start":{"line":36,"column":12},"end":{"line":36,"column":19}},"9":{"start":{"line":38,"column":8},"end":{"line":38,"column":15}},"10":{"start":{"line":48,"column":0},"end":{"line":52,"column":1}},"11":{"start":{"line":49,"column":4},"end":{"line":51,"column":7}},"12":{"start":{"line":50,"column":8},"end":{"line":50,"column":39}},"13":{"start":{"line":60,"column":0},"end":{"line":62,"column":1}},"14":{"start":{"line":61,"column":4},"end":{"line":61,"column":51}},"15":{"start":{"line":69,"column":0},"end":{"line":80,"column":1}},"16":{"start":{"line":70,"column":4},"end":{"line":70,"column":25}},"17":{"start":{"line":71,"column":4},"end":{"line":71,"column":33}},"18":{"start":{"line":72,"column":4},"end":{"line":79,"column":5}},"19":{"start":{"line":73,"column":8},"end":{"line":78,"column":11}},"20":{"start":{"line":74,"column":12},"end":{"line":77,"column":13}},"21":{"start":{"line":75,"column":16},"end":{"line":75,"column":50}},"22":{"start":{"line":76,"column":16},"end":{"line":76,"column":27}},"23":{"start":{"line":83,"column":0},"end":{"line":100,"column":2}},"24":{"start":{"line":84,"column":4},"end":{"line":84,"column":26}},"25":{"start":{"line":86,"column":4},"end":{"line":99,"column":7}},"26":{"start":{"line":87,"column":8},"end":{"line":87,"column":44}},"27":{"start":{"line":88,"column":8},"end":{"line":98,"column":11}},"28":{"start":{"line":89,"column":12},"end":{"line":92,"column":13}},"29":{"start":{"line":90,"column":16},"end":{"line":90,"column":26}},"30":{"start":{"line":91,"column":16},"end":{"line":91,"column":23}},"31":{"start":{"line":94,"column":12},"end":{"line":94,"column":30}},"32":{"start":{"line":95,"column":12},"end":{"line":95,"column":30}},"33":{"start":{"line":96,"column":12},"end":{"line":96,"column":48}},"34":{"start":{"line":97,"column":12},"end":{"line":97,"column":19}}},"branchMap":{"1":{"line":33,"type":"if","locations":[{"start":{"line":33,"column":8},"end":{"line":33,"column":8}},{"start":{"line":33,"column":8},"end":{"line":33,"column":8}}]},"2":{"line":33,"type":"binary-expr","locations":[{"start":{"line":33,"column":12},"end":{"line":33,"column":43}},{"start":{"line":33,"column":47},"end":{"line":33,"column":90}}]},"3":{"line":72,"type":"if","locations":[{"start":{"line":72,"column":4},"end":{"line":72,"column":4}},{"start":{"line":72,"column":4},"end":{"line":72,"column":4}}]},"4":{"line":74,"type":"if","locations":[{"start":{"line":74,"column":12},"end":{"line":74,"column":12}},{"start":{"line":74,"column":12},"end":{"line":74,"column":12}}]},"5":{"line":84,"type":"binary-expr","locations":[{"start":{"line":84,"column":13},"end":{"line":84,"column":19}},{"start":{"line":84,"column":23},"end":{"line":84,"column":25}}]},"6":{"line":89,"type":"if","locations":[{"start":{"line":89,"column":12},"end":{"line":89,"column":12}},{"start":{"line":89,"column":12},"end":{"line":89,"column":12}}]}},"code":["/*───────────────────────────────────────────────────────────────────────────*\\"," │  Copyright (C) 2014 eBay Software Foundation                                │"," │                                                                             │"," │hh ,'\"\"`.                                                                    │"," │  / _  _ \\  Licensed under the Apache License, Version 2.0 (the \"License\");  │"," │  |(@)(@)|  you may not use this file except in compliance with the License. │"," │  )  __  (  You may obtain a copy of the License at                          │"," │ /,'))((`.\\                                                                  │"," │(( ((  )) ))    http://www.apache.org/licenses/LICENSE-2.0                   │"," │ `\\ `)(' /'                                                                  │"," │                                                                             │"," │   Unless required by applicable law or agreed to in writing, software       │"," │   distributed under the License is distributed on an \"AS IS\" BASIS,         │"," │   WITHOUT WARRANTIES OR CONDITIONS OF ANY KIND, either express or implied.  │"," │   See the License for the specific language governing permissions and       │"," │   limitations under the License.                                            │"," \\*───────────────────────────────────────────────────────────────────────────*/","'use strict';","","var fs = require('fs'),","    IncomingForm = require('formidable').IncomingForm,","    debug = require('debuglog')('kraken/middleware/multipart');","","","/**"," * Filters requests for only those that are `multipart/form-data`"," * @param fn the handler to invoke"," * @returns {Function}"," */","function filter(fn) {","    return function multipart(req, res, next) {","        var contentType = req.headers['content-type'];","        if (typeof contentType === 'string' && ~contentType.indexOf('multipart/form-data')) {","            debug('received multipart request');","            fn.apply(null, arguments);","            return;","        }","        next();","    };","}","","","/**"," * simple forEach that enumerates an object's properties"," * @param obj the object to enumerate"," * @param callback the callback to invoke, with the signature `callback(value, key, obj)`"," */","function forEachValue(obj, callback) {","    Object.keys(obj).forEach(function (item) {","        callback(obj[item], item, obj);","    });","}","","","/**"," * Cleanup handler factory"," * @param files the list of files to clean up"," * @returns {function(this:null)}"," */","function cleanify(files) {","    return forEachValue.bind(null, files, funlink);","}","","","/**"," * Removes the provided file from the filesystem"," * @param file a formidable File object"," */","function funlink(file) {","    var path = file.path;","    debug('removing', file.name);","    if (typeof path === 'string') {","        fs.unlink(path, function (err) {","            if (err) {","                debug('Failed to remove ' + path);","                debug(err);","            }","        });","    }","}","","","module.exports = function (config) {","    config = config || {};","","    return filter(function (req, res, next) {","        var form = new IncomingForm(config);","        form.parse(req, function (err, fields, files) {","            if (err) {","                next(err);","                return;","            }","","            req.body = fields;","            req.files = files;","            res.once('finish', cleanify(files));","            next();","        });","    });","};"],"l":{"20":1,"30":1,"31":0,"32":0,"33":0,"34":0,"35":0,"36":0,"38":0,"48":1,"49":0,"50":0,"60":1,"61":0,"69":1,"70":0,"71":0,"72":0,"73":0,"74":0,"75":0,"76":0,"83":1,"84":0,"86":0,"87":0,"88":0,"89":0,"90":0,"91":0,"94":0,"95":0,"96":0,"97":0}},"/home/travis/build/npmtest/node-npmtest-kraken-js/node_modules/kraken-js/middleware/shutdown.js":{"path":"/home/travis/build/npmtest/node-npmtest-kraken-js/node_modules/kraken-js/middleware/shutdown.js","s":{"1":1,"2":1,"3":1,"4":1,"5":0,"6":0,"7":1,"8":0,"9":0,"10":0,"11":0,"12":0,"13":1,"14":0,"15":1,"16":0,"17":0,"18":0,"19":0,"20":0,"21":0,"22":0,"23":0,"24":0,"25":0,"26":0,"27":1,"28":0,"29":1,"30":0,"31":0,"32":0,"33":0,"34":0,"35":0,"36":0,"37":0,"38":0,"39":0,"40":0,"41":0,"42":0,"43":0,"44":0,"45":0,"46":0,"47":0,"48":0,"49":0,"50":0,"51":0,"52":0,"53":0},"b":{"1":[0,0],"2":[0,0],"3":[0,0],"4":[0,0],"5":[0,0],"6":[0,0],"7":[0,0],"8":[0,0],"9":[0,0],"10":[0,0]},"f":{"1":0,"2":0,"3":0,"4":0,"5":0,"6":0,"7":0,"8":0,"9":0,"10":0,"11":0},"fnMap":{"1":{"name":"onceThunk","line":29,"loc":{"start":{"line":29,"column":0},"end":{"line":29,"column":21}}},"2":{"name":"once","line":31,"loc":{"start":{"line":31,"column":9},"end":{"line":31,"column":50}}},"3":{"name":"call","line":32,"loc":{"start":{"line":32,"column":4},"end":{"line":32,"column":20}}},"4":{"name":"(anonymous_4)","line":38,"loc":{"start":{"line":38,"column":19},"end":{"line":38,"column":36}}},"5":{"name":"(anonymous_5)","line":44,"loc":{"start":{"line":44,"column":17},"end":{"line":44,"column":35}}},"6":{"name":"close","line":47,"loc":{"start":{"line":47,"column":4},"end":{"line":47,"column":21}}},"7":{"name":"shutdown","line":60,"loc":{"start":{"line":60,"column":11},"end":{"line":60,"column":45}}},"8":{"name":"json","line":65,"loc":{"start":{"line":65,"column":8},"end":{"line":65,"column":24}}},"9":{"name":"html","line":69,"loc":{"start":{"line":69,"column":8},"end":{"line":69,"column":24}}},"10":{"name":"(anonymous_10)","line":98,"loc":{"start":{"line":98,"column":14},"end":{"line":98,"column":26}}},"11":{"name":"(anonymous_11)","line":102,"loc":{"start":{"line":102,"column":24},"end":{"line":102,"column":41}}}},"statementMap":{"1":{"start":{"line":20,"column":0},"end":{"line":20,"column":31}},"2":{"start":{"line":21,"column":0},"end":{"line":21,"column":36}},"3":{"start":{"line":23,"column":0},"end":{"line":26,"column":2}},"4":{"start":{"line":29,"column":0},"end":{"line":42,"column":1}},"5":{"start":{"line":30,"column":2},"end":{"line":30,"column":21}},"6":{"start":{"line":31,"column":2},"end":{"line":41,"column":4}},"7":{"start":{"line":32,"column":4},"end":{"line":37,"column":5}},"8":{"start":{"line":33,"column":6},"end":{"line":36,"column":7}},"9":{"start":{"line":34,"column":8},"end":{"line":34,"column":22}},"10":{"start":{"line":35,"column":8},"end":{"line":35,"column":47}},"11":{"start":{"line":38,"column":4},"end":{"line":40,"column":7}},"12":{"start":{"line":39,"column":6},"end":{"line":39,"column":32}},"13":{"start":{"line":44,"column":0},"end":{"line":117,"column":2}},"14":{"start":{"line":45,"column":4},"end":{"line":45,"column":71}},"15":{"start":{"line":47,"column":4},"end":{"line":50,"column":5}},"16":{"start":{"line":48,"column":8},"end":{"line":48,"column":37}},"17":{"start":{"line":49,"column":8},"end":{"line":49,"column":46}},"18":{"start":{"line":52,"column":4},"end":{"line":52,"column":26}},"19":{"start":{"line":53,"column":4},"end":{"line":53,"column":31}},"20":{"start":{"line":54,"column":4},"end":{"line":54,"column":42}},"21":{"start":{"line":55,"column":4},"end":{"line":55,"column":29}},"22":{"start":{"line":56,"column":4},"end":{"line":56,"column":95}},"23":{"start":{"line":58,"column":4},"end":{"line":58,"column":23}},"24":{"start":{"line":60,"column":4},"end":{"line":115,"column":6}},"25":{"start":{"line":61,"column":8},"end":{"line":61,"column":23}},"26":{"start":{"line":63,"column":8},"end":{"line":63,"column":47}},"27":{"start":{"line":65,"column":8},"end":{"line":67,"column":9}},"28":{"start":{"line":66,"column":12},"end":{"line":66,"column":60}},"29":{"start":{"line":69,"column":8},"end":{"line":71,"column":9}},"30":{"start":{"line":70,"column":12},"end":{"line":70,"column":53}},"31":{"start":{"line":73,"column":8},"end":{"line":82,"column":9}},"32":{"start":{"line":74,"column":12},"end":{"line":74,"column":63}},"33":{"start":{"line":75,"column":12},"end":{"line":75,"column":32}},"34":{"start":{"line":76,"column":12},"end":{"line":76,"column":28}},"35":{"start":{"line":77,"column":12},"end":{"line":80,"column":15}},"36":{"start":{"line":81,"column":12},"end":{"line":81,"column":19}},"37":{"start":{"line":84,"column":8},"end":{"line":91,"column":9}},"38":{"start":{"line":87,"column":12},"end":{"line":87,"column":26}},"39":{"start":{"line":88,"column":12},"end":{"line":88,"column":39}},"40":{"start":{"line":90,"column":12},"end":{"line":90,"column":56}},"41":{"start":{"line":93,"column":8},"end":{"line":93,"column":28}},"42":{"start":{"line":95,"column":8},"end":{"line":95,"column":19}},"43":{"start":{"line":96,"column":8},"end":{"line":96,"column":19}},"44":{"start":{"line":98,"column":8},"end":{"line":100,"column":11}},"45":{"start":{"line":99,"column":12},"end":{"line":99,"column":19}},"46":{"start":{"line":102,"column":8},"end":{"line":114,"column":11}},"47":{"start":{"line":103,"column":12},"end":{"line":106,"column":13}},"48":{"start":{"line":104,"column":16},"end":{"line":104,"column":57}},"49":{"start":{"line":105,"column":16},"end":{"line":105,"column":23}},"50":{"start":{"line":108,"column":12},"end":{"line":108,"column":79}},"51":{"start":{"line":109,"column":12},"end":{"line":109,"column":39}},"52":{"start":{"line":111,"column":12},"end":{"line":111,"column":24}},"53":{"start":{"line":113,"column":12},"end":{"line":113,"column":20}}},"branchMap":{"1":{"line":33,"type":"if","locations":[{"start":{"line":33,"column":6},"end":{"line":33,"column":6}},{"start":{"line":33,"column":6},"end":{"line":33,"column":6}}]},"2":{"line":52,"type":"binary-expr","locations":[{"start":{"line":52,"column":13},"end":{"line":52,"column":19}},{"start":{"line":52,"column":23},"end":{"line":52,"column":25}}]},"3":{"line":54,"type":"binary-expr","locations":[{"start":{"line":54,"column":14},"end":{"line":54,"column":28}},{"start":{"line":54,"column":32},"end":{"line":54,"column":41}}]},"4":{"line":56,"type":"binary-expr","locations":[{"start":{"line":56,"column":24},"end":{"line":56,"column":66}},{"start":{"line":56,"column":70},"end":{"line":56,"column":94}}]},"5":{"line":63,"type":"binary-expr","locations":[{"start":{"line":63,"column":18},"end":{"line":63,"column":40}},{"start":{"line":63,"column":44},"end":{"line":63,"column":46}}]},"6":{"line":70,"type":"cond-expr","locations":[{"start":{"line":70,"column":23},"end":{"line":70,"column":43}},{"start":{"line":70,"column":46},"end":{"line":70,"column":52}}]},"7":{"line":73,"type":"if","locations":[{"start":{"line":73,"column":8},"end":{"line":73,"column":8}},{"start":{"line":73,"column":8},"end":{"line":73,"column":8}}]},"8":{"line":74,"type":"binary-expr","locations":[{"start":{"line":74,"column":33},"end":{"line":74,"column":51}},{"start":{"line":74,"column":55},"end":{"line":74,"column":62}}]},"9":{"line":84,"type":"if","locations":[{"start":{"line":84,"column":8},"end":{"line":84,"column":8}},{"start":{"line":84,"column":8},"end":{"line":84,"column":8}}]},"10":{"line":103,"type":"if","locations":[{"start":{"line":103,"column":12},"end":{"line":103,"column":12}},{"start":{"line":103,"column":12},"end":{"line":103,"column":12}}]}},"code":["/*───────────────────────────────────────────────────────────────────────────*\\"," │  Copyright (C) 2014 eBay Software Foundation                                │"," │                                                                             │"," │hh ,'\"\"`.                                                                    │"," │  / _  _ \\  Licensed under the Apache License, Version 2.0 (the \"License\");  │"," │  |(@)(@)|  you may not use this file except in compliance with the License. │"," │  )  __  (  You may obtain a copy of the License at                          │"," │ /,'))((`.\\                                                                  │"," │(( ((  )) ))    http://www.apache.org/licenses/LICENSE-2.0                   │"," │ `\\ `)(' /'                                                                  │"," │                                                                             │"," │   Unless required by applicable law or agreed to in writing, software       │"," │   distributed under the License is distributed on an \"AS IS\" BASIS,         │"," │   WITHOUT WARRANTIES OR CONDITIONS OF ANY KIND, either express or implied.  │"," │   See the License for the specific language governing permissions and       │"," │   limitations under the License.                                            │"," \\*───────────────────────────────────────────────────────────────────────────*/","'use strict';","","var domain = require('domain');","var thing = require('core-util-is');","","var States = {","    CONNECTED: 0,","    DISCONNECTING: 2","};","","","function onceThunk() {","  var called = false;","  return function once(emitter, events, callback) {","    function call() {","      if (!called) {","        called = true;","        return callback.apply(this, arguments);","      }","    }","    events.forEach(function (event) {","      emitter.once(event, call);","    });","  };","}","","module.exports = function (config) {","    var template, timeout, state, app, server, once, uncaughtException;","","    function close() {","        state = States.DISCONNECTING;","        app.emit('shutdown', server, timeout);","    }","","    config = config || {};","    template = config.template;","    timeout = config.timeout || 10 * 1000;","    state = States.CONNECTED;","    uncaughtException = thing.isFunction(config.uncaughtException) && config.uncaughtException;","","    once = onceThunk();","","    return function shutdown(req, res, next) {","        var headers, d;","","        headers = config.shutdownHeaders || {};","","        function json() {","            res.send({message: 'Server is shutting down.'});","        }","","        function html() {","            template ? res.render(template) : json();","        }","","        if (state === States.DISCONNECTING) {","            headers.Connection = headers.Connection || 'close';","            res.header(headers);","            res.status(503);","            res.format({","                json: json,","                html: html","            });","            return;","        }","","        if (!app) {","            // Lazy-bind - only attempt clean shutdown","            // if we've taken at least one request.","            app = req.app;","            server = req.socket.server;","","            once(process, ['SIGTERM', 'SIGINT'], close);","        }","","        d = domain.create();","","        d.add(req);","        d.add(res);","","        d.run(function () {","            next();","        });","","        d.once('error', function (error) {","            if (uncaughtException) {","                uncaughtException(error, req, res, next);","                return;","            }","","            console.error(new Date().toUTCString(), 'UNCAUGHT', error.message);","            console.error(error.stack);","","            next(error);","","            close();","        });","    };","","};",""],"l":{"20":1,"21":1,"23":1,"29":1,"30":0,"31":0,"32":1,"33":0,"34":0,"35":0,"38":0,"39":0,"44":1,"45":0,"47":1,"48":0,"49":0,"52":0,"53":0,"54":0,"55":0,"56":0,"58":0,"60":0,"61":0,"63":0,"65":1,"66":0,"69":1,"70":0,"73":0,"74":0,"75":0,"76":0,"77":0,"81":0,"84":0,"87":0,"88":0,"90":0,"93":0,"95":0,"96":0,"98":0,"99":0,"102":0,"103":0,"104":0,"105":0,"108":0,"109":0,"111":0,"113":0}}}